[2024-09-13 12:53:40,683] multiqc                                            [DEBUG  ]  This is MultiQC v1.21
[2024-09-13 12:53:40,689] multiqc                                            [DEBUG  ]  Loading config settings from: multiqc_config.yml
[2024-09-13 12:53:40,689] multiqc                                            [DEBUG  ]  New config: {'report_comment': 'This report has been generated by the <a href="https://github.com/nf-core/crispriscreen/tree/dev" target="_blank">nf-core/crispriscreen</a> analysis pipeline. For information about how to interpret these results, please see the <a href="https://nf-co.re/crispriscreen/dev/docs/output" target="_blank">documentation</a>.\n', 'report_section_order': {'nf-core-crispriscreen-methods-description': {'order': -1000}, 'software_versions': {'order': -1001}, 'nf-core-crispriscreen-summary': {'order': -1002}}, 'export_plots': True, 'disable_version_detection': True}
[2024-09-13 12:53:40,690] multiqc                                            [DEBUG  ]  Loading config settings from: multiqc_config.yml
[2024-09-13 12:53:40,690] multiqc                                            [DEBUG  ]  New config: {'report_comment': 'This report has been generated by the <a href="https://github.com/nf-core/crispriscreen/tree/dev" target="_blank">nf-core/crispriscreen</a> analysis pipeline. For information about how to interpret these results, please see the <a href="https://nf-co.re/crispriscreen/dev/docs/output" target="_blank">documentation</a>.\n', 'report_section_order': {'nf-core-crispriscreen-methods-description': {'order': -1000}, 'software_versions': {'order': -1001}, 'nf-core-crispriscreen-summary': {'order': -1002}}, 'export_plots': True, 'disable_version_detection': True}
[2024-09-13 12:53:40,691] multiqc                                            [DEBUG  ]  Command used: /usr/local/bin/multiqc --force --config multiqc_config.yml .
[2024-09-13 12:53:41,422] multiqc                                            [WARNING]  MultiQC Version v1.24.1 now available!
[2024-09-13 12:53:41,422] multiqc                                            [DEBUG  ]  Latest MultiQC version is v1.24.1, released 2024-08-21
[2024-09-13 12:53:41,422] multiqc                                            [DEBUG  ]  Working dir : /home/ute/Documents/bioinformatic_analyses/2024-01_Elena_CO2_CRISPRi/my_github/work/31/8275d48157d5ac51f236f86ca5e93a
[2024-09-13 12:53:41,422] multiqc                                            [DEBUG  ]  Template    : default
[2024-09-13 12:53:41,422] multiqc                                            [DEBUG  ]  Running Python 3.11.8 | packaged by conda-forge | (main, Feb 16 2024, 20:53:32) [GCC 12.3.0]
[2024-09-13 12:53:41,423] multiqc                                            [DEBUG  ]  Analysing modules: custom_content, ccs, ngsderive, purple, conpair, isoseq, lima, peddy, somalier, methylqa, mosdepth, phantompeakqualtools, qualimap, bamdst, preseq, hifiasm, quast, qorts, rna_seqc, rockhopper, rsem, rseqc, busco, bustools, goleft_indexcov, gffcompare, disambiguate, supernova, deeptools, sargasso, verifybamid, mirtrace, happy, mirtop, sambamba, gopeaks, homer, hops, macs2, theta2, snpeff, gatk, htseq, bcftools, featureCounts, fgbio, dragen, dragen_fastqc, dedup, pbmarkdup, damageprofiler, mapdamage, biobambam2, jcvi, mtnucratio, picard, vep, bakta, prokka, qc3C, nanostat, samblaster, samtools, sexdeterrmine, seqera_cli, eigenstratdatabasetools, bamtools, jellyfish, vcftools, longranger, stacks, varscan2, snippy, umitools, truvari, megahit, bbmap, bismark, biscuit, diamond, hicexplorer, hicup, hicpro, salmon, kallisto, slamdunk, star, hisat2, tophat, bowtie2, bowtie1, cellranger, snpsplit, odgi, pangolin, nextclade, freyja, humid, kat, leehom, librarian, nonpareil, adapterRemoval, bbduk, clipandmerge, cutadapt, flexbar, sourmash, kaiju, bracken, kraken, malt, motus, trimmomatic, sickle, skewer, sortmerna, biobloomtools, fastq_screen, afterqc, fastp, fastqc, filtlong, prinseqplusplus, pychopper, porechop, pycoqc, minionqc, anglerfish, multivcfanalyzer, clusterflow, checkqc, bcl2fastq, bclconvert, interop, ivar, flash, seqyclean, optitype, whatshap, spaceranger, xenome, xengsort, metaphlan, seqwho
[2024-09-13 12:53:41,427] multiqc                                            [DEBUG  ]  Using temporary directory for creating report: /tmp/tmpvuyvaf_8
[2024-09-13 12:53:41,428] multiqc                                            [INFO   ]  Search path : /home/ute/Documents/bioinformatic_analyses/2024-01_Elena_CO2_CRISPRi/my_github/work/31/8275d48157d5ac51f236f86ca5e93a
[2024-09-13 12:53:42,376] multiqc                                            [DEBUG  ]  Summary of files that were skipped by the search: [skipped_module_specific_max_filesize: 34] // [skipped_no_match: 8]
[2024-09-13 12:53:42,396] multiqc.modules.custom_content.custom_content      [INFO   ]  nf-core-crispriscreen-summary: Found 1 sample (html)
[2024-09-13 12:53:42,396] multiqc.modules.custom_content.custom_content      [INFO   ]  nf-core-crispriscreen-methods-description: Found 1 sample (html)
[2024-09-13 12:53:42,400] multiqc.modules.featureCounts.feature_counts       [INFO   ]  Found 28 reports
[2024-09-13 12:53:42,400] multiqc.utils.util_functions                       [DEBUG  ]  Wrote data file multiqc_featureCounts.txt
[2024-09-13 12:53:42,446] multiqc.modules.cutadapt.cutadapt                  [INFO   ]  Found 28 reports
[2024-09-13 12:53:42,446] multiqc.utils.util_functions                       [DEBUG  ]  Wrote data file multiqc_cutadapt.txt
[2024-09-13 12:53:42,527] multiqc.modules.fastqc.fastqc                      [DEBUG  ]  Skipping 'CO2_4_g10_r3_fastqc.zip' as already parsed 'CO2_4_g10_r3'
[2024-09-13 12:53:42,531] multiqc.modules.fastqc.fastqc                      [DEBUG  ]  Skipping 'CO2_4_g4_r3_fastqc.zip' as already parsed 'CO2_4_g4_r3'
[2024-09-13 12:53:42,531] multiqc.modules.fastqc.fastqc                      [DEBUG  ]  Skipping 'CO2_30_g10_r1_fastqc.zip' as already parsed 'CO2_30_g10_r1'
[2024-09-13 12:53:42,542] multiqc.modules.fastqc.fastqc                      [DEBUG  ]  Skipping 'CO2_30_g0_r3_fastqc.zip' as already parsed 'CO2_30_g0_r3'
[2024-09-13 12:53:42,568] multiqc.modules.fastqc.fastqc                      [DEBUG  ]  Skipping 'CO2_4_g10_r4_fastqc.zip' as already parsed 'CO2_4_g10_r4'
[2024-09-13 12:53:42,580] multiqc.modules.fastqc.fastqc                      [DEBUG  ]  Skipping 'CO2_4_g0_r3_fastqc.zip' as already parsed 'CO2_4_g0_r3'
[2024-09-13 12:53:42,589] multiqc.modules.fastqc.fastqc                      [DEBUG  ]  Skipping 'CO2_4_g10_r1_fastqc.zip' as already parsed 'CO2_4_g10_r1'
[2024-09-13 12:53:42,593] multiqc.modules.fastqc.fastqc                      [DEBUG  ]  Skipping 'CO2_30_g4_r1_fastqc.zip' as already parsed 'CO2_30_g4_r1'
[2024-09-13 12:53:42,593] multiqc.modules.fastqc.fastqc                      [DEBUG  ]  Skipping 'CO2_30_g0_r1_fastqc.zip' as already parsed 'CO2_30_g0_r1'
[2024-09-13 12:53:42,593] multiqc.modules.fastqc.fastqc                      [DEBUG  ]  Skipping 'CO2_4_g8_r4_fastqc.zip' as already parsed 'CO2_4_g8_r4'
[2024-09-13 12:53:42,593] multiqc.modules.fastqc.fastqc                      [DEBUG  ]  Skipping 'CO2_30_g8_r3_fastqc.zip' as already parsed 'CO2_30_g8_r3'
[2024-09-13 12:53:42,593] multiqc.modules.fastqc.fastqc                      [DEBUG  ]  Skipping 'CO2_4_g0_r1_fastqc.zip' as already parsed 'CO2_4_g0_r1'
[2024-09-13 12:53:42,593] multiqc.modules.fastqc.fastqc                      [DEBUG  ]  Skipping 'CO2_4_g4_r4_fastqc.zip' as already parsed 'CO2_4_g4_r4'
[2024-09-13 12:53:42,593] multiqc.modules.fastqc.fastqc                      [DEBUG  ]  Skipping 'CO2_30_g4_r3_fastqc.zip' as already parsed 'CO2_30_g4_r3'
[2024-09-13 12:53:42,598] multiqc.modules.fastqc.fastqc                      [DEBUG  ]  Skipping 'CO2_4_g4_r2_fastqc.zip' as already parsed 'CO2_4_g4_r2'
[2024-09-13 12:53:42,603] multiqc.modules.fastqc.fastqc                      [DEBUG  ]  Skipping 'CO2_4_g8_r3_fastqc.zip' as already parsed 'CO2_4_g8_r3'
[2024-09-13 12:53:42,603] multiqc.modules.fastqc.fastqc                      [DEBUG  ]  Skipping 'CO2_30_g8_r1_fastqc.zip' as already parsed 'CO2_30_g8_r1'
[2024-09-13 12:53:42,603] multiqc.modules.fastqc.fastqc                      [DEBUG  ]  Skipping 'CO2_30_g4_r2_fastqc.zip' as already parsed 'CO2_30_g4_r2'
[2024-09-13 12:53:42,603] multiqc.modules.fastqc.fastqc                      [DEBUG  ]  Skipping 'CO2_30_g0_r2_fastqc.zip' as already parsed 'CO2_30_g0_r2'
[2024-09-13 12:53:42,603] multiqc.modules.fastqc.fastqc                      [DEBUG  ]  Skipping 'CO2_4_g10_r2_fastqc.zip' as already parsed 'CO2_4_g10_r2'
[2024-09-13 12:53:42,607] multiqc.modules.fastqc.fastqc                      [DEBUG  ]  Skipping 'CO2_4_g0_r2_fastqc.zip' as already parsed 'CO2_4_g0_r2'
[2024-09-13 12:53:42,607] multiqc.modules.fastqc.fastqc                      [DEBUG  ]  Skipping 'CO2_4_g4_r1_fastqc.zip' as already parsed 'CO2_4_g4_r1'
[2024-09-13 12:53:42,607] multiqc.modules.fastqc.fastqc                      [DEBUG  ]  Skipping 'CO2_4_g8_r2_fastqc.zip' as already parsed 'CO2_4_g8_r2'
[2024-09-13 12:53:42,607] multiqc.modules.fastqc.fastqc                      [DEBUG  ]  Skipping 'CO2_30_g10_r3_fastqc.zip' as already parsed 'CO2_30_g10_r3'
[2024-09-13 12:53:42,613] multiqc.modules.fastqc.fastqc                      [DEBUG  ]  Skipping 'CO2_30_g8_r2_fastqc.zip' as already parsed 'CO2_30_g8_r2'
[2024-09-13 12:53:42,613] multiqc.modules.fastqc.fastqc                      [DEBUG  ]  Skipping 'CO2_4_g0_r4_fastqc.zip' as already parsed 'CO2_4_g0_r4'
[2024-09-13 12:53:42,613] multiqc.modules.fastqc.fastqc                      [DEBUG  ]  Skipping 'CO2_4_g8_r1_fastqc.zip' as already parsed 'CO2_4_g8_r1'
[2024-09-13 12:53:42,613] multiqc.modules.fastqc.fastqc                      [DEBUG  ]  Skipping 'CO2_30_g10_r2_fastqc.zip' as already parsed 'CO2_30_g10_r2'
[2024-09-13 12:53:42,613] multiqc.modules.fastqc.fastqc                      [INFO   ]  Found 28 reports
[2024-09-13 12:53:42,613] multiqc.utils.util_functions                       [DEBUG  ]  Wrote data file multiqc_fastqc.txt
[2024-09-13 12:53:42,667] multiqc.plots.plotly.heatmap                       [DEBUG  ]  Resizing from 495x728 to fit the maximum size 900x500
[2024-09-13 12:53:42,667] multiqc.plots.plotly.heatmap                       [DEBUG  ]  Heatmap size: 900x500, px per element: 81.82x17.86
[2024-09-13 12:53:42,671] multiqc.utils.software_versions                    [DEBUG  ]  Reading software versions from config.software_versions
[2024-09-13 12:53:42,671] multiqc.utils.software_versions                    [DEBUG  ]  Reading software versions settings from: 115/nf_core_pipeline_software_mqc_versions.yml
[2024-09-13 12:53:42,673] multiqc.utils.util_functions                       [DEBUG  ]  Wrote data file multiqc_software_versions.txt
[2024-09-13 12:53:42,673] multiqc                                            [DEBUG  ]  Reordering sections: anchor 'software_versions' not found.
[2024-09-13 12:53:42,673] multiqc                                            [DEBUG  ]  Reordering sections: anchor 'nf-core-crispriscreen-methods-description' not found for module 'featureCounts'.
[2024-09-13 12:53:42,673] multiqc                                            [DEBUG  ]  Reordering sections: anchor 'software_versions' not found for module 'featureCounts'.
[2024-09-13 12:53:42,673] multiqc                                            [DEBUG  ]  Reordering sections: anchor 'nf-core-crispriscreen-summary' not found for module 'featureCounts'.
[2024-09-13 12:53:42,673] multiqc                                            [DEBUG  ]  Reordering sections: anchor 'nf-core-crispriscreen-methods-description' not found for module 'Cutadapt'.
[2024-09-13 12:53:42,673] multiqc                                            [DEBUG  ]  Reordering sections: anchor 'software_versions' not found for module 'Cutadapt'.
[2024-09-13 12:53:42,673] multiqc                                            [DEBUG  ]  Reordering sections: anchor 'nf-core-crispriscreen-summary' not found for module 'Cutadapt'.
[2024-09-13 12:53:42,673] multiqc                                            [DEBUG  ]  Reordering sections: anchor 'nf-core-crispriscreen-methods-description' not found for module 'FastQC'.
[2024-09-13 12:53:42,673] multiqc                                            [DEBUG  ]  Reordering sections: anchor 'software_versions' not found for module 'FastQC'.
[2024-09-13 12:53:42,673] multiqc                                            [DEBUG  ]  Reordering sections: anchor 'nf-core-crispriscreen-summary' not found for module 'FastQC'.
[2024-09-13 12:53:42,673] multiqc                                            [DEBUG  ]  Reordering sections: anchor 'nf-core-crispriscreen-methods-description' not found for module 'Software Versions'.
[2024-09-13 12:53:42,673] multiqc                                            [DEBUG  ]  Reordering sections: anchor 'software_versions' not found for module 'Software Versions'.
[2024-09-13 12:53:42,673] multiqc                                            [DEBUG  ]  Reordering sections: anchor 'nf-core-crispriscreen-summary' not found for module 'Software Versions'.
[2024-09-13 12:53:42,673] multiqc                                            [DEBUG  ]  Reordering sections: anchor 'nf-core-crispriscreen-methods-description' not found for module 'nf-core/crispriscreen Methods Description'.
[2024-09-13 12:53:42,673] multiqc                                            [DEBUG  ]  Reordering sections: anchor 'software_versions' not found for module 'nf-core/crispriscreen Methods Description'.
[2024-09-13 12:53:42,673] multiqc                                            [DEBUG  ]  Reordering sections: anchor 'nf-core-crispriscreen-summary' not found for module 'nf-core/crispriscreen Methods Description'.
[2024-09-13 12:53:42,673] multiqc                                            [DEBUG  ]  Reordering sections: anchor 'nf-core-crispriscreen-methods-description' not found for module 'nf-core/crispriscreen Workflow Summary'.
[2024-09-13 12:53:42,673] multiqc                                            [DEBUG  ]  Reordering sections: anchor 'software_versions' not found for module 'nf-core/crispriscreen Workflow Summary'.
[2024-09-13 12:53:42,673] multiqc                                            [DEBUG  ]  Reordering sections: anchor 'nf-core-crispriscreen-summary' not found for module 'nf-core/crispriscreen Workflow Summary'.
[2024-09-13 12:53:42,700] multiqc.utils.util_functions                       [DEBUG  ]  Wrote data file multiqc_general_stats.txt
[2024-09-13 12:53:42,700] multiqc                                            [DEBUG  ]  Compressing plot data
[2024-09-13 12:53:42,925] multiqc.utils.util_functions                       [DEBUG  ]  Wrote data file multiqc_data.json
[2024-09-13 12:53:42,926] multiqc                                            [INFO   ]  Report      : multiqc_report.html
[2024-09-13 12:53:42,926] multiqc                                            [INFO   ]  Data        : multiqc_data
[2024-09-13 12:53:42,926] multiqc                                            [DEBUG  ]  Moving data file from '/tmp/tmpvuyvaf_8/multiqc_data' to '/home/ute/Documents/bioinformatic_analyses/2024-01_Elena_CO2_CRISPRi/my_github/work/31/8275d48157d5ac51f236f86ca5e93a/multiqc_data'
[2024-09-13 12:53:42,928] multiqc                                            [DEBUG  ]  Full report path: /home/ute/Documents/bioinformatic_analyses/2024-01_Elena_CO2_CRISPRi/my_github/work/31/8275d48157d5ac51f236f86ca5e93a/multiqc_report.html
[2024-09-13 12:53:42,928] multiqc                                            [INFO   ]  Plots       : multiqc_plots
[2024-09-13 12:53:42,928] multiqc                                            [DEBUG  ]  Moving plots directory from '/tmp/tmpvuyvaf_8/multiqc_plots' to '/home/ute/Documents/bioinformatic_analyses/2024-01_Elena_CO2_CRISPRi/my_github/work/31/8275d48157d5ac51f236f86ca5e93a/multiqc_plots'
[2024-09-13 12:53:43,005] multiqc                                            [INFO   ]  MultiQC complete
