Warning: skipping read 'VH00349:170:AAFCHYTM5:1:1101:43529:2060 1:N:0:CGGGTATG+CCCTCTAT' because length (0) <= # seed mismatches (0)
Warning: skipping read 'VH00349:170:AAFCHYTM5:1:1101:43529:2060 1:N:0:CGGGTATG+CCCTCTAT' because it was < 2 characters long
Warning: skipping read 'VH00349:170:AAFCHYTM5:1:1101:37053:29436 1:N:0:CGGCTATG+GCCTCTAA' because length (0) <= # seed mismatches (0)
Warning: skipping read 'VH00349:170:AAFCHYTM5:1:1101:37053:29436 1:N:0:CGGCTATG+GCCTCTAA' because it was < 2 characters long
Warning: skipping read 'VH00349:170:AAFCHYTM5:1:1101:76193:29947 1:N:0:CGGCTATG+GCCTCTAT' because length (0) <= # seed mismatches (0)
Warning: skipping read 'VH00349:170:AAFCHYTM5:1:1101:76193:29947 1:N:0:CGGCTATG+GCCTCTAT' because it was < 2 characters long
Warning: skipping read 'VH00349:170:AAFCHYTM5:1:1101:11415:37008 1:N:0:CGGCTATG+GCCTCTAT' because length (0) <= # seed mismatches (0)
Warning: skipping read 'VH00349:170:AAFCHYTM5:1:1101:11415:37008 1:N:0:CGGCTATG+GCCTCTAT' because it was < 2 characters long
Warning: skipping read 'VH00349:170:AAFCHYTM5:1:1101:56765:38996 1:N:0:CGGCTATG+GCCTCTAT' because length (0) <= # seed mismatches (0)
Warning: skipping read 'VH00349:170:AAFCHYTM5:1:1101:56765:38996 1:N:0:CGGCTATG+GCCTCTAT' because it was < 2 characters long
Warning: skipping read 'VH00349:170:AAFCHYTM5:1:1103:74451:14574 1:N:0:CGGCTATG+GCCTCTAT' because length (0) <= # seed mismatches (0)
Warning: skipping read 'VH00349:170:AAFCHYTM5:1:1103:74451:14574 1:N:0:CGGCTATG+GCCTCTAT' because it was < 2 characters long
Warning: skipping read 'VH00349:170:AAFCHYTM5:1:1103:58791:14707 1:N:0:CGGCTTTG+GCCTCTAT' because length (0) <= # seed mismatches (0)
Warning: skipping read 'VH00349:170:AAFCHYTM5:1:1103:58791:14707 1:N:0:CGGCTTTG+GCCTCTAT' because it was < 2 characters long
Warning: skipping read 'VH00349:170:AAFCHYTM5:1:1103:33209:16543 1:N:0:CGGCTATG+GCCTCTAT' because length (0) <= # seed mismatches (0)
Warning: skipping read 'VH00349:170:AAFCHYTM5:1:1103:33209:16543 1:N:0:CGGCTATG+GCCTCTAT' because it was < 2 characters long
Warning: skipping read 'VH00349:170:AAFCHYTM5:1:1103:34270:30060 1:N:0:CGGCTATC+GCCTCTAT' because length (0) <= # seed mismatches (0)
Warning: skipping read 'VH00349:170:AAFCHYTM5:1:1103:34270:30060 1:N:0:CGGCTATC+GCCTCTAT' because it was < 2 characters long
Warning: skipping read 'VH00349:170:AAFCHYTM5:1:1103:40159:30534 1:N:0:CGGCTATG+GCCTCTAA' because length (0) <= # seed mismatches (0)
Warning: skipping read 'VH00349:170:AAFCHYTM5:1:1103:40159:30534 1:N:0:CGGCTATG+GCCTCTAA' because it was < 2 characters long
Warning: skipping read 'VH00349:170:AAFCHYTM5:1:1103:44400:48822 1:N:0:CGGCTATG+GCCTCTAT' because length (0) <= # seed mismatches (0)
Warning: skipping read 'VH00349:170:AAFCHYTM5:1:1103:44400:48822 1:N:0:CGGCTATG+GCCTCTAT' because it was < 2 characters long
Warning: skipping read 'VH00349:170:AAFCHYTM5:1:1103:46332:49503 1:N:0:CGGCTATG+GCCTCTAT' because length (0) <= # seed mismatches (0)
Warning: skipping read 'VH00349:170:AAFCHYTM5:1:1103:46332:49503 1:N:0:CGGCTATG+GCCTCTAT' because it was < 2 characters long
Warning: skipping read 'VH00349:170:AAFCHYTM5:1:1103:14918:50582 1:N:0:CGGCTATG+GCCTCTAT' because length (0) <= # seed mismatches (0)
Warning: skipping read 'VH00349:170:AAFCHYTM5:1:1103:14918:50582 1:N:0:CGGCTATG+GCCTCTAT' because it was < 2 characters long
Warning: skipping read 'VH00349:170:AAFCHYTM5:1:1104:27301:1246 1:N:0:CGGCTATG+GCCTCTAT' because length (0) <= # seed mismatches (0)
Warning: skipping read 'VH00349:170:AAFCHYTM5:1:1104:27301:1246 1:N:0:CGGCTATG+GCCTCTAT' because it was < 2 characters long
Warning: skipping read 'VH00349:170:AAFCHYTM5:1:1104:36618:3707 1:N:0:CGGCTATG+GCCTCTAT' because length (0) <= # seed mismatches (0)
Warning: skipping read 'VH00349:170:AAFCHYTM5:1:1104:36618:3707 1:N:0:CGGCTATG+GCCTCTAT' because it was < 2 characters long
Warning: skipping read 'VH00349:170:AAFCHYTM5:1:1104:61272:13173 1:N:0:CGGCTATG+GCCTCTAT' because length (0) <= # seed mismatches (0)
Warning: skipping read 'VH00349:170:AAFCHYTM5:1:1104:61272:13173 1:N:0:CGGCTATG+GCCTCTAT' because it was < 2 characters long
Warning: skipping read 'VH00349:170:AAFCHYTM5:1:1104:56632:16903 1:N:0:CGGCTATG+GCCTCTAT' because length (1) <= # seed mismatches (0)
Warning: skipping read 'VH00349:170:AAFCHYTM5:1:1104:56632:16903 1:N:0:CGGCTATG+GCCTCTAT' because it was < 2 characters long
Warning: skipping read 'VH00349:170:AAFCHYTM5:1:1104:13403:20897 1:N:0:CGGCTATG+GCCTCTTT' because length (1) <= # seed mismatches (0)
Warning: skipping read 'VH00349:170:AAFCHYTM5:1:1104:13403:20897 1:N:0:CGGCTATG+GCCTCTTT' because it was < 2 characters long
Warning: skipping read 'VH00349:170:AAFCHYTM5:1:1104:42412:24759 1:N:0:CGGCTATG+GCCTCTAT' because length (0) <= # seed mismatches (0)
Warning: skipping read 'VH00349:170:AAFCHYTM5:1:1104:42412:24759 1:N:0:CGGCTATG+GCCTCTAT' because it was < 2 characters long
Warning: skipping read 'VH00349:170:AAFCHYTM5:1:1104:43056:35210 1:N:0:CGGCTATG+GCCTCTAT' because length (0) <= # seed mismatches (0)
Warning: skipping read 'VH00349:170:AAFCHYTM5:1:1104:43056:35210 1:N:0:CGGCTATG+GCCTCTAT' because it was < 2 characters long
Warning: skipping read 'VH00349:170:AAFCHYTM5:1:1104:53489:37425 1:N:0:CGGCTATG+GACTCTAT' because length (0) <= # seed mismatches (0)
Warning: skipping read 'VH00349:170:AAFCHYTM5:1:1104:53489:37425 1:N:0:CGGCTATG+GACTCTAT' because it was < 2 characters long
Warning: skipping read 'VH00349:170:AAFCHYTM5:1:1104:44476:43597 1:N:0:CGGCTATG+GCCTCTAT' because length (1) <= # seed mismatches (0)
Warning: skipping read 'VH00349:170:AAFCHYTM5:1:1104:44476:43597 1:N:0:CGGCTATG+GCCTCTAT' because it was < 2 characters long
Warning: skipping read 'VH00349:170:AAFCHYTM5:1:1104:25976:43843 1:N:0:CGGCTATG+GCCTCTAT' because length (0) <= # seed mismatches (0)
Warning: skipping read 'VH00349:170:AAFCHYTM5:1:1104:25976:43843 1:N:0:CGGCTATG+GCCTCTAT' because it was < 2 characters long
Warning: skipping read 'VH00349:170:AAFCHYTM5:1:1201:18061:29379 1:N:0:CGGCTGTG+GCCTCTAT' because length (0) <= # seed mismatches (0)
Warning: skipping read 'VH00349:170:AAFCHYTM5:1:1201:18061:29379 1:N:0:CGGCTGTG+GCCTCTAT' because it was < 2 characters long
Warning: skipping read 'VH00349:170:AAFCHYTM5:1:1202:59454:13817 1:N:0:CGGCTATG+GCCTCTAT' because length (0) <= # seed mismatches (0)
Warning: skipping read 'VH00349:170:AAFCHYTM5:1:1202:59454:13817 1:N:0:CGGCTATG+GCCTCTAT' because it was < 2 characters long
Warning: skipping read 'VH00349:170:AAFCHYTM5:1:1202:17398:21598 1:N:0:CGGCTATG+GCCTCTAT' because length (1) <= # seed mismatches (0)
Warning: skipping read 'VH00349:170:AAFCHYTM5:1:1202:17398:21598 1:N:0:CGGCTATG+GCCTCTAT' because it was < 2 characters long
Warning: skipping read 'VH00349:170:AAFCHYTM5:1:1202:71686:29341 1:N:0:CGGCTATG+GCCTCTAT' because length (0) <= # seed mismatches (0)
Warning: skipping read 'VH00349:170:AAFCHYTM5:1:1202:71686:29341 1:N:0:CGGCTATG+GCCTCTAT' because it was < 2 characters long
Warning: skipping read 'VH00349:170:AAFCHYTM5:1:1202:52315:45490 1:N:0:CGGCTATG+GCCTCTAT' because length (1) <= # seed mismatches (0)
Warning: skipping read 'VH00349:170:AAFCHYTM5:1:1202:52315:45490 1:N:0:CGGCTATG+GCCTCTAT' because it was < 2 characters long
Warning: skipping read 'VH00349:170:AAFCHYTM5:1:1203:60306:4181 1:N:0:CGGCTATG+GCCTCTAT' because length (0) <= # seed mismatches (0)
Warning: skipping read 'VH00349:170:AAFCHYTM5:1:1203:60306:4181 1:N:0:CGGCTATG+GCCTCTAT' because it was < 2 characters long
Warning: skipping read 'VH00349:170:AAFCHYTM5:1:1203:73523:30193 1:N:0:CGGCAATG+CCCTCTAT' because length (0) <= # seed mismatches (0)
Warning: skipping read 'VH00349:170:AAFCHYTM5:1:1203:73523:30193 1:N:0:CGGCAATG+CCCTCTAT' because it was < 2 characters long
Warning: skipping read 'VH00349:170:AAFCHYTM5:1:1203:20447:33998 1:N:0:CGGCTATG+GCCTCTAT' because length (0) <= # seed mismatches (0)
Warning: skipping read 'VH00349:170:AAFCHYTM5:1:1203:20447:33998 1:N:0:CGGCTATG+GCCTCTAT' because it was < 2 characters long
Warning: skipping read 'VH00349:170:AAFCHYTM5:1:1203:17758:41912 1:N:0:CGGCTATG+GCCTCTAT' because length (0) <= # seed mismatches (0)
Warning: skipping read 'VH00349:170:AAFCHYTM5:1:1203:17758:41912 1:N:0:CGGCTATG+GCCTCTAT' because it was < 2 characters long
Warning: skipping read 'VH00349:170:AAFCHYTM5:1:1203:45252:54975 1:N:0:CGGCTAAG+GCCTCTCT' because length (0) <= # seed mismatches (0)
Warning: skipping read 'VH00349:170:AAFCHYTM5:1:1203:45252:54975 1:N:0:CGGCTAAG+GCCTCTCT' because it was < 2 characters long
Warning: skipping read 'VH00349:170:AAFCHYTM5:1:1204:56311:8440 1:N:0:CGGCTATG+GCCTCTAT' because length (1) <= # seed mismatches (0)
Warning: skipping read 'VH00349:170:AAFCHYTM5:1:1204:56311:8440 1:N:0:CGGCTATG+GCCTCTAT' because it was < 2 characters long
Warning: skipping read 'VH00349:170:AAFCHYTM5:1:1204:20295:33127 1:N:0:CGGCTATG+GCCTCTAT' because length (1) <= # seed mismatches (0)
Warning: skipping read 'VH00349:170:AAFCHYTM5:1:1204:20295:33127 1:N:0:CGGCTATG+GCCTCTAT' because it was < 2 characters long
Warning: skipping read 'VH00349:170:AAFCHYTM5:1:1204:51804:35702 1:N:0:CGGCTATG+GCCTCTAT' because length (0) <= # seed mismatches (0)
Warning: skipping read 'VH00349:170:AAFCHYTM5:1:1204:51804:35702 1:N:0:CGGCTATG+GCCTCTAT' because it was < 2 characters long
Warning: skipping read 'VH00349:170:AAFCHYTM5:1:1301:58488:18644 1:N:0:CGGCTATG+GCCTCTAT' because length (0) <= # seed mismatches (0)
Warning: skipping read 'VH00349:170:AAFCHYTM5:1:1301:58488:18644 1:N:0:CGGCTATG+GCCTCTAT' because it was < 2 characters long
Warning: skipping read 'VH00349:170:AAFCHYTM5:1:1301:72481:21692 1:N:0:CGGATATG+GCCTCTAA' because length (0) <= # seed mismatches (0)
Warning: skipping read 'VH00349:170:AAFCHYTM5:1:1301:72481:21692 1:N:0:CGGATATG+GCCTCTAA' because it was < 2 characters long
Warning: skipping read 'VH00349:170:AAFCHYTM5:1:1301:44874:31613 1:N:0:CGGCTATG+TCCTCTAT' because length (0) <= # seed mismatches (0)
Warning: skipping read 'VH00349:170:AAFCHYTM5:1:1301:44874:31613 1:N:0:CGGCTATG+TCCTCTAT' because it was < 2 characters long
Warning: skipping read 'VH00349:170:AAFCHYTM5:1:1301:33039:40870 1:N:0:CGGCTATG+GCCTCTAT' because length (1) <= # seed mismatches (0)
Warning: skipping read 'VH00349:170:AAFCHYTM5:1:1301:33039:40870 1:N:0:CGGCTATG+GCCTCTAT' because it was < 2 characters long
Warning: skipping read 'VH00349:170:AAFCHYTM5:1:1302:61177:14366 1:N:0:CGGCTATG+GCCTCTAT' because length (0) <= # seed mismatches (0)
Warning: skipping read 'VH00349:170:AAFCHYTM5:1:1302:61177:14366 1:N:0:CGGCTATG+GCCTCTAT' because it was < 2 characters long
Warning: skipping read 'VH00349:170:AAFCHYTM5:1:1302:31865:35532 1:N:0:CGGCTATG+GCCTCTAT' because length (0) <= # seed mismatches (0)
Warning: skipping read 'VH00349:170:AAFCHYTM5:1:1302:31865:35532 1:N:0:CGGCTATG+GCCTCTAT' because it was < 2 characters long
Warning: skipping read 'VH00349:170:AAFCHYTM5:1:1303:57693:9216 1:N:0:CGGCTATG+GCCTCTAT' because length (1) <= # seed mismatches (0)
Warning: skipping read 'VH00349:170:AAFCHYTM5:1:1303:57693:9216 1:N:0:CGGCTATG+GCCTCTAT' because it was < 2 characters long
Warning: skipping read 'VH00349:170:AAFCHYTM5:1:1303:40783:11962 1:N:0:CGGCTATG+GCCTCTAT' because length (0) <= # seed mismatches (0)
Warning: skipping read 'VH00349:170:AAFCHYTM5:1:1303:40783:11962 1:N:0:CGGCTATG+GCCTCTAT' because it was < 2 characters long
Warning: skipping read 'VH00349:170:AAFCHYTM5:1:1303:74621:27921 1:N:0:CGGCTATG+GCCTCTAT' because length (1) <= # seed mismatches (0)
Warning: skipping read 'VH00349:170:AAFCHYTM5:1:1303:74621:27921 1:N:0:CGGCTATG+GCCTCTAT' because it was < 2 characters long
Warning: skipping read 'VH00349:170:AAFCHYTM5:1:1303:33588:41003 1:N:0:CGGCTATG+TCCTCTAT' because length (0) <= # seed mismatches (0)
Warning: skipping read 'VH00349:170:AAFCHYTM5:1:1303:33588:41003 1:N:0:CGGCTATG+TCCTCTAT' because it was < 2 characters long
Warning: skipping read 'VH00349:170:AAFCHYTM5:1:1303:73163:44676 1:N:0:CGGCTATG+GCCTCTAT' because length (0) <= # seed mismatches (0)
Warning: skipping read 'VH00349:170:AAFCHYTM5:1:1303:73163:44676 1:N:0:CGGCTATG+GCCTCTAT' because it was < 2 characters long
Warning: skipping read 'VH00349:170:AAFCHYTM5:1:1401:25465:2666 1:N:0:CGGGTATG+GCCTCTAT' because length (0) <= # seed mismatches (0)
Warning: skipping read 'VH00349:170:AAFCHYTM5:1:1401:25465:2666 1:N:0:CGGGTATG+GCCTCTAT' because it was < 2 characters long
Warning: skipping read 'VH00349:170:AAFCHYTM5:1:1401:51312:6850 1:N:0:CGGCTATG+GCCTCTAT' because length (1) <= # seed mismatches (0)
Warning: skipping read 'VH00349:170:AAFCHYTM5:1:1401:51312:6850 1:N:0:CGGCTATG+GCCTCTAT' because it was < 2 characters long
Warning: skipping read 'VH00349:170:AAFCHYTM5:1:1401:20807:26823 1:N:0:CGGCTATG+GCCTCTAT' because length (0) <= # seed mismatches (0)
Warning: skipping read 'VH00349:170:AAFCHYTM5:1:1401:20807:26823 1:N:0:CGGCTATG+GCCTCTAT' because it was < 2 characters long
Warning: skipping read 'VH00349:170:AAFCHYTM5:1:1401:23874:32124 1:N:0:CGCCTATG+GCCTCTAT' because length (1) <= # seed mismatches (0)
Warning: skipping read 'VH00349:170:AAFCHYTM5:1:1401:23874:32124 1:N:0:CGCCTATG+GCCTCTAT' because it was < 2 characters long
Warning: skipping read 'VH00349:170:AAFCHYTM5:1:1401:40992:33563 1:N:0:CGGCTATG+GCCTCTAT' because length (1) <= # seed mismatches (0)
Warning: skipping read 'VH00349:170:AAFCHYTM5:1:1401:40992:33563 1:N:0:CGGCTATG+GCCTCTAT' because it was < 2 characters long
Warning: skipping read 'VH00349:170:AAFCHYTM5:1:1401:24878:44524 1:N:0:CGGCTATG+GCCTCTAT' because length (0) <= # seed mismatches (0)
Warning: skipping read 'VH00349:170:AAFCHYTM5:1:1401:24878:44524 1:N:0:CGGCTATG+GCCTCTAT' because it was < 2 characters long
Warning: skipping read 'VH00349:170:AAFCHYTM5:1:1402:29252:8080 1:N:0:AGGCTATG+GCCTCTAT' because length (0) <= # seed mismatches (0)
Warning: skipping read 'VH00349:170:AAFCHYTM5:1:1402:29252:8080 1:N:0:AGGCTATG+GCCTCTAT' because it was < 2 characters long
Warning: skipping read 'VH00349:170:AAFCHYTM5:1:1402:33910:34244 1:N:0:CGGCTATG+GCCTCTAT' because length (1) <= # seed mismatches (0)
Warning: skipping read 'VH00349:170:AAFCHYTM5:1:1402:33910:34244 1:N:0:CGGCTATG+GCCTCTAT' because it was < 2 characters long
Warning: skipping read 'VH00349:170:AAFCHYTM5:1:1402:47316:49200 1:N:0:CGGCTATG+GCCTCTAA' because length (1) <= # seed mismatches (0)
Warning: skipping read 'VH00349:170:AAFCHYTM5:1:1402:47316:49200 1:N:0:CGGCTATG+GCCTCTAA' because it was < 2 characters long
Warning: skipping read 'VH00349:170:AAFCHYTM5:1:1403:58753:14290 1:N:0:CGGCTATG+GCCTCTAT' because length (1) <= # seed mismatches (0)
Warning: skipping read 'VH00349:170:AAFCHYTM5:1:1403:58753:14290 1:N:0:CGGCTATG+GCCTCTAT' because it was < 2 characters long
Warning: skipping read 'VH00349:170:AAFCHYTM5:1:1403:8801:17774 1:N:0:CGGCTATG+GCCTCTAT' because length (1) <= # seed mismatches (0)
Warning: skipping read 'VH00349:170:AAFCHYTM5:1:1403:8801:17774 1:N:0:CGGCTATG+GCCTCTAT' because it was < 2 characters long
Warning: skipping read 'VH00349:170:AAFCHYTM5:1:1403:77310:28640 1:N:0:CGGATATG+GCCTCTAT' because length (1) <= # seed mismatches (0)
Warning: skipping read 'VH00349:170:AAFCHYTM5:1:1403:77310:28640 1:N:0:CGGATATG+GCCTCTAT' because it was < 2 characters long
Warning: skipping read 'VH00349:170:AAFCHYTM5:1:1403:57219:49712 1:N:0:CGGCTATG+GCCTCTAT' because length (1) <= # seed mismatches (0)
Warning: skipping read 'VH00349:170:AAFCHYTM5:1:1403:57219:49712 1:N:0:CGGCTATG+GCCTCTAT' because it was < 2 characters long
Warning: skipping read 'VH00349:170:AAFCHYTM5:1:1404:54133:13949 1:N:0:CGGCTATG+GCCTCTAT' because length (0) <= # seed mismatches (0)
Warning: skipping read 'VH00349:170:AAFCHYTM5:1:1404:54133:13949 1:N:0:CGGCTATG+GCCTCTAT' because it was < 2 characters long
Warning: skipping read 'VH00349:170:AAFCHYTM5:1:1404:65627:15786 1:N:0:AGGCTATG+TCCTCTAT' because length (0) <= # seed mismatches (0)
Warning: skipping read 'VH00349:170:AAFCHYTM5:1:1404:65627:15786 1:N:0:AGGCTATG+TCCTCTAT' because it was < 2 characters long
Warning: skipping read 'VH00349:170:AAFCHYTM5:1:1404:56614:16013 1:N:0:CGGCTATG+GCCTCTAT' because length (0) <= # seed mismatches (0)
Warning: skipping read 'VH00349:170:AAFCHYTM5:1:1404:56614:16013 1:N:0:CGGCTATG+GCCTCTAT' because it was < 2 characters long
Warning: skipping read 'VH00349:170:AAFCHYTM5:1:1404:32262:16202 1:N:0:CGGCTATG+GCCTCTAT' because length (1) <= # seed mismatches (0)
Warning: skipping read 'VH00349:170:AAFCHYTM5:1:1404:32262:16202 1:N:0:CGGCTATG+GCCTCTAT' because it was < 2 characters long
Warning: skipping read 'VH00349:170:AAFCHYTM5:1:1404:60117:24551 1:N:0:CGGCTATG+GCCTCTAT' because length (1) <= # seed mismatches (0)
Warning: skipping read 'VH00349:170:AAFCHYTM5:1:1404:60117:24551 1:N:0:CGGCTATG+GCCTCTAT' because it was < 2 characters long
Warning: skipping read 'VH00349:170:AAFCHYTM5:1:1404:77291:25327 1:N:0:CGGCTATG+GCCTCTAT' because length (1) <= # seed mismatches (0)
Warning: skipping read 'VH00349:170:AAFCHYTM5:1:1404:77291:25327 1:N:0:CGGCTATG+GCCTCTAT' because it was < 2 characters long
Warning: skipping read 'VH00349:170:AAFCHYTM5:1:1404:33134:26350 1:N:0:CGGCTATG+GCCTCTAT' because length (1) <= # seed mismatches (0)
Warning: skipping read 'VH00349:170:AAFCHYTM5:1:1404:33134:26350 1:N:0:CGGCTATG+GCCTCTAT' because it was < 2 characters long
Warning: skipping read 'VH00349:170:AAFCHYTM5:1:1404:27642:39867 1:N:0:CGGCTTTG+GCCTCTAT' because length (0) <= # seed mismatches (0)
Warning: skipping read 'VH00349:170:AAFCHYTM5:1:1404:27642:39867 1:N:0:CGGCTTTG+GCCTCTAT' because it was < 2 characters long
Warning: skipping read 'VH00349:170:AAFCHYTM5:1:1404:64263:53801 1:N:0:CGGCTATG+GCCTCTAT' because length (0) <= # seed mismatches (0)
Warning: skipping read 'VH00349:170:AAFCHYTM5:1:1404:64263:53801 1:N:0:CGGCTATG+GCCTCTAT' because it was < 2 characters long
Warning: skipping read 'VH00349:170:AAFCHYTM5:1:1404:37451:56300 1:N:0:CGGCTATG+GCCTCTAT' because length (0) <= # seed mismatches (0)
Warning: skipping read 'VH00349:170:AAFCHYTM5:1:1404:37451:56300 1:N:0:CGGCTATG+GCCTCTAT' because it was < 2 characters long
Warning: skipping read 'VH00349:170:AAFCHYTM5:1:2101:29763:33582 1:N:0:CGGCTATG+GCCTCTAT' because length (0) <= # seed mismatches (0)
Warning: skipping read 'VH00349:170:AAFCHYTM5:1:2101:29763:33582 1:N:0:CGGCTATG+GCCTCTAT' because it was < 2 characters long
Warning: skipping read 'VH00349:170:AAFCHYTM5:1:2101:22511:35456 1:N:0:CGGCTATG+GCCTCTAT' because length (1) <= # seed mismatches (0)
Warning: skipping read 'VH00349:170:AAFCHYTM5:1:2101:22511:35456 1:N:0:CGGCTATG+GCCTCTAT' because it was < 2 characters long
Warning: skipping read 'VH00349:170:AAFCHYTM5:1:2101:19879:46758 1:N:0:CGGCAATG+GCCTCTAT' because length (0) <= # seed mismatches (0)
Warning: skipping read 'VH00349:170:AAFCHYTM5:1:2101:19879:46758 1:N:0:CGGCAATG+GCCTCTAT' because it was < 2 characters long
Warning: skipping read 'VH00349:170:AAFCHYTM5:1:2102:25010:1076 1:N:0:CGGCTATG+GCCTCTAT' because length (1) <= # seed mismatches (0)
Warning: skipping read 'VH00349:170:AAFCHYTM5:1:2102:25010:1076 1:N:0:CGGCTATG+GCCTCTAT' because it was < 2 characters long
Warning: skipping read 'VH00349:170:AAFCHYTM5:1:2102:46919:32938 1:N:0:CGGCTATG+GCCTCTAT' because length (0) <= # seed mismatches (0)
Warning: skipping read 'VH00349:170:AAFCHYTM5:1:2102:46919:32938 1:N:0:CGGCTATG+GCCTCTAT' because it was < 2 characters long
Warning: skipping read 'VH00349:170:AAFCHYTM5:1:2102:37318:40605 1:N:0:CGGCTATG+GCCTCTAT' because length (0) <= # seed mismatches (0)
Warning: skipping read 'VH00349:170:AAFCHYTM5:1:2102:37318:40605 1:N:0:CGGCTATG+GCCTCTAT' because it was < 2 characters long
Warning: skipping read 'VH00349:170:AAFCHYTM5:1:2104:62862:29720 1:N:0:CGGCTATG+GCCTCTAT' because length (0) <= # seed mismatches (0)
Warning: skipping read 'VH00349:170:AAFCHYTM5:1:2104:62862:29720 1:N:0:CGGCTATG+GCCTCTAT' because it was < 2 characters long
Warning: skipping read 'VH00349:170:AAFCHYTM5:1:2104:9919:40662 1:N:0:CGGCTATT+CCCTCTAT' because length (0) <= # seed mismatches (0)
Warning: skipping read 'VH00349:170:AAFCHYTM5:1:2104:9919:40662 1:N:0:CGGCTATT+CCCTCTAT' because it was < 2 characters long
Warning: skipping read 'VH00349:170:AAFCHYTM5:1:2104:34573:50317 1:N:0:CTGCTATG+GCCTCTAT' because length (0) <= # seed mismatches (0)
Warning: skipping read 'VH00349:170:AAFCHYTM5:1:2104:34573:50317 1:N:0:CTGCTATG+GCCTCTAT' because it was < 2 characters long
Warning: skipping read 'VH00349:170:AAFCHYTM5:1:2202:38644:15540 1:N:0:CGGCTATG+GCCTCTAT' because length (1) <= # seed mismatches (0)
Warning: skipping read 'VH00349:170:AAFCHYTM5:1:2202:38644:15540 1:N:0:CGGCTATG+GCCTCTAT' because it was < 2 characters long
Warning: skipping read 'VH00349:170:AAFCHYTM5:1:2202:77253:28205 1:N:0:CGGCTATG+GCCTCTAT' because length (1) <= # seed mismatches (0)
Warning: skipping read 'VH00349:170:AAFCHYTM5:1:2202:77253:28205 1:N:0:CGGCTATG+GCCTCTAT' because it was < 2 characters long
Warning: skipping read 'VH00349:170:AAFCHYTM5:1:2202:77102:28811 1:N:0:CGGCTATG+GCCTCTAT' because length (1) <= # seed mismatches (0)
Warning: skipping read 'VH00349:170:AAFCHYTM5:1:2202:77102:28811 1:N:0:CGGCTATG+GCCTCTAT' because it was < 2 characters long
Warning: skipping read 'VH00349:170:AAFCHYTM5:1:2202:45707:55429 1:N:0:CGGCTATG+GCCTCTAT' because length (1) <= # seed mismatches (0)
Warning: skipping read 'VH00349:170:AAFCHYTM5:1:2202:45707:55429 1:N:0:CGGCTATG+GCCTCTAT' because it was < 2 characters long
Warning: skipping read 'VH00349:170:AAFCHYTM5:1:2204:41882:6964 1:N:0:CGGCTATG+GCCTCTAT' because length (1) <= # seed mismatches (0)
Warning: skipping read 'VH00349:170:AAFCHYTM5:1:2204:41882:6964 1:N:0:CGGCTATG+GCCTCTAT' because it was < 2 characters long
Warning: skipping read 'VH00349:170:AAFCHYTM5:1:2204:49267:10826 1:N:0:CGGGTATG+GCCTCTCT' because length (0) <= # seed mismatches (0)
Warning: skipping read 'VH00349:170:AAFCHYTM5:1:2204:49267:10826 1:N:0:CGGGTATG+GCCTCTCT' because it was < 2 characters long
Warning: skipping read 'VH00349:170:AAFCHYTM5:1:2204:39799:15672 1:N:0:CGGCTATG+GCCTCTAT' because length (0) <= # seed mismatches (0)
Warning: skipping read 'VH00349:170:AAFCHYTM5:1:2204:39799:15672 1:N:0:CGGCTATG+GCCTCTAT' because it was < 2 characters long
Warning: skipping read 'VH00349:170:AAFCHYTM5:1:2301:6321:25479 1:N:0:CGGCTATG+GCCTCTAT' because length (0) <= # seed mismatches (0)
Warning: skipping read 'VH00349:170:AAFCHYTM5:1:2301:6321:25479 1:N:0:CGGCTATG+GCCTCTAT' because it was < 2 characters long
Warning: skipping read 'VH00349:170:AAFCHYTM5:1:2303:43984:28716 1:N:0:CGGCTATG+GCCTCTAT' because length (0) <= # seed mismatches (0)
Warning: skipping read 'VH00349:170:AAFCHYTM5:1:2303:43984:28716 1:N:0:CGGCTATG+GCCTCTAT' because it was < 2 characters long
Warning: skipping read 'VH00349:170:AAFCHYTM5:1:2303:65362:50696 1:N:0:CGGCTATG+CCCTCTAT' because length (0) <= # seed mismatches (0)
Warning: skipping read 'VH00349:170:AAFCHYTM5:1:2303:65362:50696 1:N:0:CGGCTATG+CCCTCTAT' because it was < 2 characters long
Warning: skipping read 'VH00349:170:AAFCHYTM5:1:2304:23533:4711 1:N:0:CGGCTATG+GCCTCTAT' because length (1) <= # seed mismatches (0)
Warning: skipping read 'VH00349:170:AAFCHYTM5:1:2304:23533:4711 1:N:0:CGGCTATG+GCCTCTAT' because it was < 2 characters long
Warning: skipping read 'VH00349:170:AAFCHYTM5:1:2304:56689:12757 1:N:0:CGGCTATG+GCCTCTAT' because length (1) <= # seed mismatches (0)
Warning: skipping read 'VH00349:170:AAFCHYTM5:1:2304:56689:12757 1:N:0:CGGCTATG+GCCTCTAT' because it was < 2 characters long
Warning: skipping read 'VH00349:170:AAFCHYTM5:1:2304:48377:29284 1:N:0:CGGCTATG+GCCTCTAT' because length (0) <= # seed mismatches (0)
Warning: skipping read 'VH00349:170:AAFCHYTM5:1:2304:48377:29284 1:N:0:CGGCTATG+GCCTCTAT' because it was < 2 characters long
Warning: skipping read 'VH00349:170:AAFCHYTM5:1:2304:64510:47837 1:N:0:CGGCTATG+GCCTCTAT' because length (0) <= # seed mismatches (0)
Warning: skipping read 'VH00349:170:AAFCHYTM5:1:2304:64510:47837 1:N:0:CGGCTATG+GCCTCTAT' because it was < 2 characters long
Warning: skipping read 'VH00349:170:AAFCHYTM5:1:2304:61007:53725 1:N:0:CGCCTATG+GCCACTAT' because length (0) <= # seed mismatches (0)
Warning: skipping read 'VH00349:170:AAFCHYTM5:1:2304:61007:53725 1:N:0:CGCCTATG+GCCACTAT' because it was < 2 characters long
Warning: skipping read 'VH00349:170:AAFCHYTM5:1:2401:24537:7721 1:N:0:CGGCTATG+CCCTCTAT' because length (0) <= # seed mismatches (0)
Warning: skipping read 'VH00349:170:AAFCHYTM5:1:2401:24537:7721 1:N:0:CGGCTATG+CCCTCTAT' because it was < 2 characters long
Warning: skipping read 'VH00349:170:AAFCHYTM5:1:2401:64983:7872 1:N:0:CGGCTATG+GCCTCTAT' because length (0) <= # seed mismatches (0)
Warning: skipping read 'VH00349:170:AAFCHYTM5:1:2401:64983:7872 1:N:0:CGGCTATG+GCCTCTAT' because it was < 2 characters long
Warning: skipping read 'VH00349:170:AAFCHYTM5:1:2401:30028:13325 1:N:0:CGGGTATG+CCCTCTAT' because length (0) <= # seed mismatches (0)
Warning: skipping read 'VH00349:170:AAFCHYTM5:1:2401:30028:13325 1:N:0:CGGGTATG+CCCTCTAT' because it was < 2 characters long
Warning: skipping read 'VH00349:170:AAFCHYTM5:1:2401:47884:50109 1:N:0:CGGCTATG+GCCTCTAT' because length (1) <= # seed mismatches (0)
Warning: skipping read 'VH00349:170:AAFCHYTM5:1:2401:47884:50109 1:N:0:CGGCTATG+GCCTCTAT' because it was < 2 characters long
Warning: skipping read 'VH00349:170:AAFCHYTM5:1:2401:22208:52116 1:N:0:CGGCTATG+GCCTCTAT' because length (1) <= # seed mismatches (0)
Warning: skipping read 'VH00349:170:AAFCHYTM5:1:2401:22208:52116 1:N:0:CGGCTATG+GCCTCTAT' because it was < 2 characters long
Warning: skipping read 'VH00349:170:AAFCHYTM5:1:2402:46275:6623 1:N:0:CGGCTTTG+GCCTCTAT' because length (0) <= # seed mismatches (0)
Warning: skipping read 'VH00349:170:AAFCHYTM5:1:2402:46275:6623 1:N:0:CGGCTTTG+GCCTCTAT' because it was < 2 characters long
Warning: skipping read 'VH00349:170:AAFCHYTM5:1:2402:26487:18644 1:N:0:GGGCTATG+TCCTCTAT' because length (0) <= # seed mismatches (0)
Warning: skipping read 'VH00349:170:AAFCHYTM5:1:2402:26487:18644 1:N:0:GGGCTATG+TCCTCTAT' because it was < 2 characters long
Warning: skipping read 'VH00349:170:AAFCHYTM5:1:2402:60723:24665 1:N:0:CGGCTATG+GCATCTAT' because length (1) <= # seed mismatches (0)
Warning: skipping read 'VH00349:170:AAFCHYTM5:1:2402:60723:24665 1:N:0:CGGCTATG+GCATCTAT' because it was < 2 characters long
Warning: skipping read 'VH00349:170:AAFCHYTM5:1:2402:57182:40284 1:N:0:CGGCTATG+GCCTCTAT' because length (0) <= # seed mismatches (0)
Warning: skipping read 'VH00349:170:AAFCHYTM5:1:2402:57182:40284 1:N:0:CGGCTATG+GCCTCTAT' because it was < 2 characters long
Warning: skipping read 'VH00349:170:AAFCHYTM5:1:2402:68865:45717 1:N:0:CGGCTATG+GCCTCTAT' because length (1) <= # seed mismatches (0)
Warning: skipping read 'VH00349:170:AAFCHYTM5:1:2402:68865:45717 1:N:0:CGGCTATG+GCCTCTAT' because it was < 2 characters long
Warning: skipping read 'VH00349:170:AAFCHYTM5:1:2403:49626:15237 1:N:0:CGGCTATG+GCCTCTAT' because length (0) <= # seed mismatches (0)
Warning: skipping read 'VH00349:170:AAFCHYTM5:1:2403:49626:15237 1:N:0:CGGCTATG+GCCTCTAT' because it was < 2 characters long
Warning: skipping read 'VH00349:170:AAFCHYTM5:1:2403:58943:44089 1:N:0:CGGCTATG+GCCTCTAT' because length (0) <= # seed mismatches (0)
Warning: skipping read 'VH00349:170:AAFCHYTM5:1:2403:58943:44089 1:N:0:CGGCTATG+GCCTCTAT' because it was < 2 characters long
Warning: skipping read 'VH00349:170:AAFCHYTM5:1:2404:34970:11791 1:N:0:CGGCTATG+GCCTCTAT' because length (0) <= # seed mismatches (0)
Warning: skipping read 'VH00349:170:AAFCHYTM5:1:2404:34970:11791 1:N:0:CGGCTATG+GCCTCTAT' because it was < 2 characters long
Warning: skipping read 'VH00349:170:AAFCHYTM5:1:2404:50876:14593 1:N:0:CGGCTATG+GCCTCTAT' because length (0) <= # seed mismatches (0)
Warning: skipping read 'VH00349:170:AAFCHYTM5:1:2404:50876:14593 1:N:0:CGGCTATG+GCCTCTAT' because it was < 2 characters long
Warning: skipping read 'VH00349:170:AAFCHYTM5:1:2404:33796:14782 1:N:0:CGGCTATG+GCCTCTAT' because length (0) <= # seed mismatches (0)
Warning: skipping read 'VH00349:170:AAFCHYTM5:1:2404:33796:14782 1:N:0:CGGCTATG+GCCTCTAT' because it was < 2 characters long
Warning: skipping read 'VH00349:170:AAFCHYTM5:1:2404:29252:17887 1:N:0:CGGCTATG+GCCTCTAT' because length (0) <= # seed mismatches (0)
Warning: skipping read 'VH00349:170:AAFCHYTM5:1:2404:29252:17887 1:N:0:CGGCTATG+GCCTCTAT' because it was < 2 characters long
Warning: skipping read 'VH00349:170:AAFCHYTM5:1:2404:56784:19099 1:N:0:CGGCTATG+GCCTCTAT' because length (0) <= # seed mismatches (0)
Warning: skipping read 'VH00349:170:AAFCHYTM5:1:2404:56784:19099 1:N:0:CGGCTATG+GCCTCTAT' because it was < 2 characters long
Warning: skipping read 'VH00349:170:AAFCHYTM5:1:2404:73163:28129 1:N:0:CGGCTATG+GCCTCTAT' because length (1) <= # seed mismatches (0)
Warning: skipping read 'VH00349:170:AAFCHYTM5:1:2404:73163:28129 1:N:0:CGGCTATG+GCCTCTAT' because it was < 2 characters long
4752543 reads; of these:
  4752543 (100.00%) were unpaired; of these:
    918760 (19.33%) aligned 0 times
    3772562 (79.38%) aligned exactly 1 time
    61221 (1.29%) aligned >1 times
80.67% overall alignment rate
