Warning: skipping read 'VH00349:170:AAFCHYTM5:1:1101:22946:7342 1:N:0:CGCTCATT+AGGATAGG' because length (0) <= # seed mismatches (0)
Warning: skipping read 'VH00349:170:AAFCHYTM5:1:1101:22946:7342 1:N:0:CGCTCATT+AGGATAGG' because it was < 2 characters long
Warning: skipping read 'VH00349:170:AAFCHYTM5:1:1101:48244:29568 1:N:0:CGCTCATT+AGGATAGG' because length (0) <= # seed mismatches (0)
Warning: skipping read 'VH00349:170:AAFCHYTM5:1:1101:48244:29568 1:N:0:CGCTCATT+AGGATAGG' because it was < 2 characters long
Warning: skipping read 'VH00349:170:AAFCHYTM5:1:1102:11452:19667 1:N:0:CGTTCATT+CGGATAGG' because length (0) <= # seed mismatches (0)
Warning: skipping read 'VH00349:170:AAFCHYTM5:1:1102:11452:19667 1:N:0:CGTTCATT+CGGATAGG' because it was < 2 characters long
Warning: skipping read 'VH00349:170:AAFCHYTM5:1:1102:73599:26104 1:N:0:CGCTCATT+AGGATACG' because length (1) <= # seed mismatches (0)
Warning: skipping read 'VH00349:170:AAFCHYTM5:1:1102:73599:26104 1:N:0:CGCTCATT+AGGATACG' because it was < 2 characters long
Warning: skipping read 'VH00349:170:AAFCHYTM5:1:1102:59246:29133 1:N:0:CGCTCATT+AGTATAGG' because length (1) <= # seed mismatches (0)
Warning: skipping read 'VH00349:170:AAFCHYTM5:1:1102:59246:29133 1:N:0:CGCTCATT+AGTATAGG' because it was < 2 characters long
Warning: skipping read 'VH00349:170:AAFCHYTM5:1:1102:68808:31310 1:N:0:CGCTCAAT+AGGATAGG' because length (0) <= # seed mismatches (0)
Warning: skipping read 'VH00349:170:AAFCHYTM5:1:1102:68808:31310 1:N:0:CGCTCAAT+AGGATAGG' because it was < 2 characters long
Warning: skipping read 'VH00349:170:AAFCHYTM5:1:1102:56178:36403 1:N:0:CGCTCATT+AGGATAGG' because length (1) <= # seed mismatches (0)
Warning: skipping read 'VH00349:170:AAFCHYTM5:1:1102:56178:36403 1:N:0:CGCTCATT+AGGATAGG' because it was < 2 characters long
Warning: skipping read 'VH00349:170:AAFCHYTM5:1:1102:33001:41287 1:N:0:CGCTCATT+AGGATAGG' because length (1) <= # seed mismatches (0)
Warning: skipping read 'VH00349:170:AAFCHYTM5:1:1102:33001:41287 1:N:0:CGCTCATT+AGGATAGG' because it was < 2 characters long
Warning: skipping read 'VH00349:170:AAFCHYTM5:1:1103:12286:28830 1:N:0:CGCTCATT+AGGATAGG' because length (1) <= # seed mismatches (0)
Warning: skipping read 'VH00349:170:AAFCHYTM5:1:1103:12286:28830 1:N:0:CGCTCATT+AGGATAGG' because it was < 2 characters long
Warning: skipping read 'VH00349:170:AAFCHYTM5:1:1104:38398:12643 1:N:0:CGCTCATT+AGGATAGG' because length (0) <= # seed mismatches (0)
Warning: skipping read 'VH00349:170:AAFCHYTM5:1:1104:38398:12643 1:N:0:CGCTCATT+AGGATAGG' because it was < 2 characters long
Warning: skipping read 'VH00349:170:AAFCHYTM5:1:1104:21469:52665 1:N:0:CGCTCATT+AGGATAGG' because length (0) <= # seed mismatches (0)
Warning: skipping read 'VH00349:170:AAFCHYTM5:1:1104:21469:52665 1:N:0:CGCTCATT+AGGATAGG' because it was < 2 characters long
Warning: skipping read 'VH00349:170:AAFCHYTM5:1:1201:16603:19970 1:N:0:CGCTCATT+AGGATCGG' because length (1) <= # seed mismatches (0)
Warning: skipping read 'VH00349:170:AAFCHYTM5:1:1201:16603:19970 1:N:0:CGCTCATT+AGGATCGG' because it was < 2 characters long
Warning: skipping read 'VH00349:170:AAFCHYTM5:1:1201:8782:38466 1:N:0:CGCTCATT+AGGATAGG' because length (0) <= # seed mismatches (0)
Warning: skipping read 'VH00349:170:AAFCHYTM5:1:1201:8782:38466 1:N:0:CGCTCATT+AGGATAGG' because it was < 2 characters long
Warning: skipping read 'VH00349:170:AAFCHYTM5:1:1203:29403:21976 1:N:0:CGCTCATT+AGGATAGG' because length (1) <= # seed mismatches (0)
Warning: skipping read 'VH00349:170:AAFCHYTM5:1:1203:29403:21976 1:N:0:CGCTCATT+AGGATAGG' because it was < 2 characters long
Warning: skipping read 'VH00349:170:AAFCHYTM5:1:1203:62919:26255 1:N:0:GGCTCATT+CGGATAGG' because length (0) <= # seed mismatches (0)
Warning: skipping read 'VH00349:170:AAFCHYTM5:1:1203:62919:26255 1:N:0:GGCTCATT+CGGATAGG' because it was < 2 characters long
Warning: skipping read 'VH00349:170:AAFCHYTM5:1:1203:28513:52476 1:N:0:CGCTGATT+AGGATAGG' because length (0) <= # seed mismatches (0)
Warning: skipping read 'VH00349:170:AAFCHYTM5:1:1203:28513:52476 1:N:0:CGCTGATT+AGGATAGG' because it was < 2 characters long
Warning: skipping read 'VH00349:170:AAFCHYTM5:1:1204:16281:6850 1:N:0:CGCTCATT+AGGATAGG' because length (1) <= # seed mismatches (0)
Warning: skipping read 'VH00349:170:AAFCHYTM5:1:1204:16281:6850 1:N:0:CGCTCATT+AGGATAGG' because it was < 2 characters long
Warning: skipping read 'VH00349:170:AAFCHYTM5:1:1301:39969:18947 1:N:0:CGCTCATT+AGGATAGG' because length (1) <= # seed mismatches (0)
Warning: skipping read 'VH00349:170:AAFCHYTM5:1:1301:39969:18947 1:N:0:CGCTCATT+AGGATAGG' because it was < 2 characters long
Warning: skipping read 'VH00349:170:AAFCHYTM5:1:1301:57485:48879 1:N:0:CGCTCAAT+AGGATAGG' because length (0) <= # seed mismatches (0)
Warning: skipping read 'VH00349:170:AAFCHYTM5:1:1301:57485:48879 1:N:0:CGCTCAAT+AGGATAGG' because it was < 2 characters long
Warning: skipping read 'VH00349:170:AAFCHYTM5:1:1302:42166:12397 1:N:0:CGCTCCTT+AGGATAGG' because length (0) <= # seed mismatches (0)
Warning: skipping read 'VH00349:170:AAFCHYTM5:1:1302:42166:12397 1:N:0:CGCTCCTT+AGGATAGG' because it was < 2 characters long
Warning: skipping read 'VH00349:170:AAFCHYTM5:1:1303:59416:31840 1:N:0:CGCTCATT+AGGATAGG' because length (0) <= # seed mismatches (0)
Warning: skipping read 'VH00349:170:AAFCHYTM5:1:1303:59416:31840 1:N:0:CGCTCATT+AGGATAGG' because it was < 2 characters long
Warning: skipping read 'VH00349:170:AAFCHYTM5:1:1304:31410:9595 1:N:0:CGCTCATT+AGGATAGG' because length (1) <= # seed mismatches (0)
Warning: skipping read 'VH00349:170:AAFCHYTM5:1:1304:31410:9595 1:N:0:CGCTCATT+AGGATAGG' because it was < 2 characters long
Warning: skipping read 'VH00349:170:AAFCHYTM5:1:1401:19311:2496 1:N:0:CGCTCATT+AGGATAGG' because length (0) <= # seed mismatches (0)
Warning: skipping read 'VH00349:170:AAFCHYTM5:1:1401:19311:2496 1:N:0:CGCTCATT+AGGATAGG' because it was < 2 characters long
Warning: skipping read 'VH00349:170:AAFCHYTM5:1:1401:53963:10712 1:N:0:GGCTCATT+AGGATATG' because length (0) <= # seed mismatches (0)
Warning: skipping read 'VH00349:170:AAFCHYTM5:1:1401:53963:10712 1:N:0:GGCTCATT+AGGATATG' because it was < 2 characters long
Warning: skipping read 'VH00349:170:AAFCHYTM5:1:1401:51255:29966 1:N:0:CGGTCATT+AGGATAGG' because length (0) <= # seed mismatches (0)
Warning: skipping read 'VH00349:170:AAFCHYTM5:1:1401:51255:29966 1:N:0:CGGTCATT+AGGATAGG' because it was < 2 characters long
Warning: skipping read 'VH00349:170:AAFCHYTM5:1:1401:28570:30609 1:N:0:CGCTCATT+AGGATAGG' because length (0) <= # seed mismatches (0)
Warning: skipping read 'VH00349:170:AAFCHYTM5:1:1401:28570:30609 1:N:0:CGCTCATT+AGGATAGG' because it was < 2 characters long
Warning: skipping read 'VH00349:170:AAFCHYTM5:1:1401:65153:50033 1:N:0:CGCTCGTT+AGGATAGT' because length (0) <= # seed mismatches (0)
Warning: skipping read 'VH00349:170:AAFCHYTM5:1:1401:65153:50033 1:N:0:CGCTCGTT+AGGATAGT' because it was < 2 characters long
Warning: skipping read 'VH00349:170:AAFCHYTM5:1:1401:54209:56092 1:N:0:GGCTCATT+AGGATAGG' because length (0) <= # seed mismatches (0)
Warning: skipping read 'VH00349:170:AAFCHYTM5:1:1401:54209:56092 1:N:0:GGCTCATT+AGGATAGG' because it was < 2 characters long
Warning: skipping read 'VH00349:170:AAFCHYTM5:1:1403:59530:21882 1:N:0:CGCTCATT+AGGATAGG' because length (1) <= # seed mismatches (0)
Warning: skipping read 'VH00349:170:AAFCHYTM5:1:1403:59530:21882 1:N:0:CGCTCATT+AGGATAGG' because it was < 2 characters long
Warning: skipping read 'VH00349:170:AAFCHYTM5:1:1403:22927:30685 1:N:0:CGCTCATT+AGGATAGG' because length (1) <= # seed mismatches (0)
Warning: skipping read 'VH00349:170:AAFCHYTM5:1:1403:22927:30685 1:N:0:CGCTCATT+AGGATAGG' because it was < 2 characters long
Warning: skipping read 'VH00349:170:AAFCHYTM5:1:1403:49380:47856 1:N:0:CGCTCATT+AGGATAGG' because length (1) <= # seed mismatches (0)
Warning: skipping read 'VH00349:170:AAFCHYTM5:1:1403:49380:47856 1:N:0:CGCTCATT+AGGATAGG' because it was < 2 characters long
Warning: skipping read 'VH00349:170:AAFCHYTM5:1:1403:63847:53687 1:N:0:CGCTCATT+AGGATAGG' because length (0) <= # seed mismatches (0)
Warning: skipping read 'VH00349:170:AAFCHYTM5:1:1403:63847:53687 1:N:0:CGCTCATT+AGGATAGG' because it was < 2 characters long
Warning: skipping read 'VH00349:170:AAFCHYTM5:1:1404:48396:9500 1:N:0:CGCTTATT+AGGATAGG' because length (0) <= # seed mismatches (0)
Warning: skipping read 'VH00349:170:AAFCHYTM5:1:1404:48396:9500 1:N:0:CGCTTATT+AGGATAGG' because it was < 2 characters long
Warning: skipping read 'VH00349:170:AAFCHYTM5:1:1404:30066:10598 1:N:0:CGCTCATT+AGGATAGG' because length (0) <= # seed mismatches (0)
Warning: skipping read 'VH00349:170:AAFCHYTM5:1:1404:30066:10598 1:N:0:CGCTCATT+AGGATAGG' because it was < 2 characters long
Warning: skipping read 'VH00349:170:AAFCHYTM5:1:1404:35463:17546 1:N:0:TGCTCATT+AGGATAGG' because length (0) <= # seed mismatches (0)
Warning: skipping read 'VH00349:170:AAFCHYTM5:1:1404:35463:17546 1:N:0:TGCTCATT+AGGATAGG' because it was < 2 characters long
Warning: skipping read 'VH00349:170:AAFCHYTM5:1:1404:62446:21730 1:N:0:CGCTCATT+AGGATAGG' because length (1) <= # seed mismatches (0)
Warning: skipping read 'VH00349:170:AAFCHYTM5:1:1404:62446:21730 1:N:0:CGCTCATT+AGGATAGG' because it was < 2 characters long
Warning: skipping read 'VH00349:170:AAFCHYTM5:1:1404:61897:37160 1:N:0:CGCTCATT+AGGATAGG' because length (0) <= # seed mismatches (0)
Warning: skipping read 'VH00349:170:AAFCHYTM5:1:1404:61897:37160 1:N:0:CGCTCATT+AGGATAGG' because it was < 2 characters long
Warning: skipping read 'VH00349:170:AAFCHYTM5:1:2103:37356:21711 1:N:0:GGCTCATT+AGGATAGG' because length (0) <= # seed mismatches (0)
Warning: skipping read 'VH00349:170:AAFCHYTM5:1:2103:37356:21711 1:N:0:GGCTCATT+AGGATAGG' because it was < 2 characters long
Warning: skipping read 'VH00349:170:AAFCHYTM5:1:2104:43775:12302 1:N:0:CGCTAATT+AGGATAGG' because length (0) <= # seed mismatches (0)
Warning: skipping read 'VH00349:170:AAFCHYTM5:1:2104:43775:12302 1:N:0:CGCTAATT+AGGATAGG' because it was < 2 characters long
Warning: skipping read 'VH00349:170:AAFCHYTM5:1:2104:19841:50128 1:N:0:CGCTCATC+AGGATAGG' because length (1) <= # seed mismatches (0)
Warning: skipping read 'VH00349:170:AAFCHYTM5:1:2104:19841:50128 1:N:0:CGCTCATC+AGGATAGG' because it was < 2 characters long
Warning: skipping read 'VH00349:170:AAFCHYTM5:1:2201:49740:9027 1:N:0:CGCTCATT+AGGATAGG' because length (1) <= # seed mismatches (0)
Warning: skipping read 'VH00349:170:AAFCHYTM5:1:2201:49740:9027 1:N:0:CGCTCATT+AGGATAGG' because it was < 2 characters long
Warning: skipping read 'VH00349:170:AAFCHYTM5:1:2201:31751:26066 1:N:0:CGCTCATT+AGGATAGG' because length (1) <= # seed mismatches (0)
Warning: skipping read 'VH00349:170:AAFCHYTM5:1:2201:31751:26066 1:N:0:CGCTCATT+AGGATAGG' because it was < 2 characters long
Warning: skipping read 'VH00349:170:AAFCHYTM5:1:2201:52372:39526 1:N:0:CGCTCATT+AGGATAGG' because length (0) <= # seed mismatches (0)
Warning: skipping read 'VH00349:170:AAFCHYTM5:1:2201:52372:39526 1:N:0:CGCTCATT+AGGATAGG' because it was < 2 characters long
Warning: skipping read 'VH00349:170:AAFCHYTM5:1:2202:54417:33241 1:N:0:CGCTCATT+AGGATAGG' because length (0) <= # seed mismatches (0)
Warning: skipping read 'VH00349:170:AAFCHYTM5:1:2202:54417:33241 1:N:0:CGCTCATT+AGGATAGG' because it was < 2 characters long
Warning: skipping read 'VH00349:170:AAFCHYTM5:1:2202:49872:39148 1:N:0:CGCTCATT+AGGATAGG' because length (0) <= # seed mismatches (0)
Warning: skipping read 'VH00349:170:AAFCHYTM5:1:2202:49872:39148 1:N:0:CGCTCATT+AGGATAGG' because it was < 2 characters long
Warning: skipping read 'VH00349:170:AAFCHYTM5:1:2203:48528:14707 1:N:0:CGCTCATT+AGGATAGG' because length (1) <= # seed mismatches (0)
Warning: skipping read 'VH00349:170:AAFCHYTM5:1:2203:48528:14707 1:N:0:CGCTCATT+AGGATAGG' because it was < 2 characters long
Warning: skipping read 'VH00349:170:AAFCHYTM5:1:2204:56064:12700 1:N:0:CGCTCATT+AGGATAGG' because length (1) <= # seed mismatches (0)
Warning: skipping read 'VH00349:170:AAFCHYTM5:1:2204:56064:12700 1:N:0:CGCTCATT+AGGATAGG' because it was < 2 characters long
Warning: skipping read 'VH00349:170:AAFCHYTM5:1:2301:30331:26350 1:N:0:CGCTCATT+AGGATAGG' because length (1) <= # seed mismatches (0)
Warning: skipping read 'VH00349:170:AAFCHYTM5:1:2301:30331:26350 1:N:0:CGCTCATT+AGGATAGG' because it was < 2 characters long
Warning: skipping read 'VH00349:170:AAFCHYTM5:1:2303:25654:48860 1:N:0:CGCTCATT+AGGATAGG' because length (0) <= # seed mismatches (0)
Warning: skipping read 'VH00349:170:AAFCHYTM5:1:2303:25654:48860 1:N:0:CGCTCATT+AGGATAGG' because it was < 2 characters long
Warning: skipping read 'VH00349:170:AAFCHYTM5:1:2304:17985:49030 1:N:0:CGCTCATT+AGGATAGG' because length (0) <= # seed mismatches (0)
Warning: skipping read 'VH00349:170:AAFCHYTM5:1:2304:17985:49030 1:N:0:CGCTCATT+AGGATAGG' because it was < 2 characters long
Warning: skipping read 'VH00349:170:AAFCHYTM5:1:2304:64907:55240 1:N:0:GGCTCATT+AGGATAGG' because length (1) <= # seed mismatches (0)
Warning: skipping read 'VH00349:170:AAFCHYTM5:1:2304:64907:55240 1:N:0:GGCTCATT+AGGATAGG' because it was < 2 characters long
Warning: skipping read 'VH00349:170:AAFCHYTM5:1:2401:59113:6812 1:N:0:CGCTCATT+AGGATAGG' because length (1) <= # seed mismatches (0)
Warning: skipping read 'VH00349:170:AAFCHYTM5:1:2401:59113:6812 1:N:0:CGCTCATT+AGGATAGG' because it was < 2 characters long
Warning: skipping read 'VH00349:170:AAFCHYTM5:1:2401:72519:48311 1:N:0:CGCTCATT+AGGATAGG' because length (1) <= # seed mismatches (0)
Warning: skipping read 'VH00349:170:AAFCHYTM5:1:2401:72519:48311 1:N:0:CGCTCATT+AGGATAGG' because it was < 2 characters long
Warning: skipping read 'VH00349:170:AAFCHYTM5:1:2402:20030:10712 1:N:0:CGCTCATT+AGGATAGG' because length (1) <= # seed mismatches (0)
Warning: skipping read 'VH00349:170:AAFCHYTM5:1:2402:20030:10712 1:N:0:CGCTCATT+AGGATAGG' because it was < 2 characters long
Warning: skipping read 'VH00349:170:AAFCHYTM5:1:2404:26222:2060 1:N:0:CGCTCATT+AGGATAGG' because length (1) <= # seed mismatches (0)
Warning: skipping read 'VH00349:170:AAFCHYTM5:1:2404:26222:2060 1:N:0:CGCTCATT+AGGATAGG' because it was < 2 characters long
Warning: skipping read 'VH00349:170:AAFCHYTM5:1:2404:63582:23586 1:N:0:CGCTCATT+AGGATAGG' because length (0) <= # seed mismatches (0)
Warning: skipping read 'VH00349:170:AAFCHYTM5:1:2404:63582:23586 1:N:0:CGCTCATT+AGGATAGG' because it was < 2 characters long
Warning: skipping read 'VH00349:170:AAFCHYTM5:1:2404:27851:52305 1:N:0:CGCTCATT+AGGATAGG' because length (1) <= # seed mismatches (0)
Warning: skipping read 'VH00349:170:AAFCHYTM5:1:2404:27851:52305 1:N:0:CGCTCATT+AGGATAGG' because it was < 2 characters long
3856710 reads; of these:
  3856710 (100.00%) were unpaired; of these:
    727147 (18.85%) aligned 0 times
    3079877 (79.86%) aligned exactly 1 time
    49686 (1.29%) aligned >1 times
81.15% overall alignment rate
