Warning: skipping read 'VH00349:170:AAFCHYTM5:1:1101:14728:47213 1:N:0:AGCGATAG+TCAGAGTC' because length (1) <= # seed mismatches (0)
Warning: skipping read 'VH00349:170:AAFCHYTM5:1:1101:14728:47213 1:N:0:AGCGATAG+TCAGAGTC' because it was < 2 characters long
Warning: skipping read 'VH00349:170:AAFCHYTM5:1:1102:20428:2893 1:N:0:AGCGATAG+TCAGAGCC' because length (1) <= # seed mismatches (0)
Warning: skipping read 'VH00349:170:AAFCHYTM5:1:1102:20428:2893 1:N:0:AGCGATAG+TCAGAGCC' because it was < 2 characters long
Warning: skipping read 'VH00349:170:AAFCHYTM5:1:1103:52410:34869 1:N:0:AGCGATAT+TCAGAGCC' because length (1) <= # seed mismatches (0)
Warning: skipping read 'VH00349:170:AAFCHYTM5:1:1103:52410:34869 1:N:0:AGCGATAT+TCAGAGCC' because it was < 2 characters long
Warning: skipping read 'VH00349:170:AAFCHYTM5:1:1103:48547:40586 1:N:0:AGCGATAG+TCAGATCC' because length (0) <= # seed mismatches (0)
Warning: skipping read 'VH00349:170:AAFCHYTM5:1:1103:48547:40586 1:N:0:AGCGATAG+TCAGATCC' because it was < 2 characters long
Warning: skipping read 'VH00349:170:AAFCHYTM5:1:1103:14009:44221 1:N:0:AGCGATAG+TCAGAGCC' because length (0) <= # seed mismatches (0)
Warning: skipping read 'VH00349:170:AAFCHYTM5:1:1103:14009:44221 1:N:0:AGCGATAG+TCAGAGCC' because it was < 2 characters long
Warning: skipping read 'VH00349:170:AAFCHYTM5:1:1103:10676:46152 1:N:0:AGCGATAG+TCAGAGCC' because length (1) <= # seed mismatches (0)
Warning: skipping read 'VH00349:170:AAFCHYTM5:1:1103:10676:46152 1:N:0:AGCGATAG+TCAGAGCC' because it was < 2 characters long
Warning: skipping read 'VH00349:170:AAFCHYTM5:1:1104:22549:8497 1:N:0:AGCGATAG+TCAGAGCC' because length (1) <= # seed mismatches (0)
Warning: skipping read 'VH00349:170:AAFCHYTM5:1:1104:22549:8497 1:N:0:AGCGATAG+TCAGAGCC' because it was < 2 characters long
Warning: skipping read 'VH00349:170:AAFCHYTM5:1:1104:65362:48121 1:N:0:AGCGATAG+TCAGAGCC' because length (1) <= # seed mismatches (0)
Warning: skipping read 'VH00349:170:AAFCHYTM5:1:1104:65362:48121 1:N:0:AGCGATAG+TCAGAGCC' because it was < 2 characters long
Warning: skipping read 'VH00349:170:AAFCHYTM5:1:1202:44874:38315 1:N:0:AGCGATAG+TCAGAGCC' because length (1) <= # seed mismatches (0)
Warning: skipping read 'VH00349:170:AAFCHYTM5:1:1202:44874:38315 1:N:0:AGCGATAG+TCAGAGCC' because it was < 2 characters long
Warning: skipping read 'VH00349:170:AAFCHYTM5:1:1203:8877:34850 1:N:0:AGCGATAG+TCAGAGCC' because length (0) <= # seed mismatches (0)
Warning: skipping read 'VH00349:170:AAFCHYTM5:1:1203:8877:34850 1:N:0:AGCGATAG+TCAGAGCC' because it was < 2 characters long
Warning: skipping read 'VH00349:170:AAFCHYTM5:1:1203:67217:37027 1:N:0:AGCGATAG+TCAGAGCC' because length (0) <= # seed mismatches (0)
Warning: skipping read 'VH00349:170:AAFCHYTM5:1:1203:67217:37027 1:N:0:AGCGATAG+TCAGAGCC' because it was < 2 characters long
Warning: skipping read 'VH00349:170:AAFCHYTM5:1:1204:41749:8762 1:N:0:AGCGATAG+TCAGAGCC' because length (0) <= # seed mismatches (0)
Warning: skipping read 'VH00349:170:AAFCHYTM5:1:1204:41749:8762 1:N:0:AGCGATAG+TCAGAGCC' because it was < 2 characters long
Warning: skipping read 'VH00349:170:AAFCHYTM5:1:1204:50819:11659 1:N:0:AGCGATAG+TCAGAGCC' because length (1) <= # seed mismatches (0)
Warning: skipping read 'VH00349:170:AAFCHYTM5:1:1204:50819:11659 1:N:0:AGCGATAG+TCAGAGCC' because it was < 2 characters long
Warning: skipping read 'VH00349:170:AAFCHYTM5:1:1301:47108:3064 1:N:0:AGCGATAG+TCAGAGCC' because length (0) <= # seed mismatches (0)
Warning: skipping read 'VH00349:170:AAFCHYTM5:1:1301:47108:3064 1:N:0:AGCGATAG+TCAGAGCC' because it was < 2 characters long
Warning: skipping read 'VH00349:170:AAFCHYTM5:1:1301:24821:3575 1:N:0:AGCGATAG+TCAGAGCC' because length (0) <= # seed mismatches (0)
Warning: skipping read 'VH00349:170:AAFCHYTM5:1:1301:24821:3575 1:N:0:AGCGATAG+TCAGAGCC' because it was < 2 characters long
Warning: skipping read 'VH00349:170:AAFCHYTM5:1:1301:41219:4749 1:N:0:AGCGATAG+TCAGAGCC' because length (1) <= # seed mismatches (0)
Warning: skipping read 'VH00349:170:AAFCHYTM5:1:1301:41219:4749 1:N:0:AGCGATAG+TCAGAGCC' because it was < 2 characters long
Warning: skipping read 'VH00349:170:AAFCHYTM5:1:1301:65627:20254 1:N:0:AGCGCTAG+TCAGAGCC' because length (0) <= # seed mismatches (0)
Warning: skipping read 'VH00349:170:AAFCHYTM5:1:1301:65627:20254 1:N:0:AGCGCTAG+TCAGAGCC' because it was < 2 characters long
Warning: skipping read 'VH00349:170:AAFCHYTM5:1:1301:26033:25536 1:N:0:AGCGATAG+TCAGAGCC' because length (1) <= # seed mismatches (0)
Warning: skipping read 'VH00349:170:AAFCHYTM5:1:1301:26033:25536 1:N:0:AGCGATAG+TCAGAGCC' because it was < 2 characters long
Warning: skipping read 'VH00349:170:AAFCHYTM5:1:1301:58072:53441 1:N:0:AGCGATAG+TCAGAGCC' because length (0) <= # seed mismatches (0)
Warning: skipping read 'VH00349:170:AAFCHYTM5:1:1301:58072:53441 1:N:0:AGCGATAG+TCAGAGCC' because it was < 2 characters long
Warning: skipping read 'VH00349:170:AAFCHYTM5:1:1303:46483:26141 1:N:0:AGCGATAG+TCAGAGCC' because length (1) <= # seed mismatches (0)
Warning: skipping read 'VH00349:170:AAFCHYTM5:1:1303:46483:26141 1:N:0:AGCGATAG+TCAGAGCC' because it was < 2 characters long
Warning: skipping read 'VH00349:170:AAFCHYTM5:1:1303:20276:36137 1:N:0:AGAGATAG+TCAGAGCC' because length (0) <= # seed mismatches (0)
Warning: skipping read 'VH00349:170:AAFCHYTM5:1:1303:20276:36137 1:N:0:AGAGATAG+TCAGAGCC' because it was < 2 characters long
Warning: skipping read 'VH00349:170:AAFCHYTM5:1:1303:49891:40870 1:N:0:AGCGATAG+TCAGAGCC' because length (1) <= # seed mismatches (0)
Warning: skipping read 'VH00349:170:AAFCHYTM5:1:1303:49891:40870 1:N:0:AGCGATAG+TCAGAGCC' because it was < 2 characters long
Warning: skipping read 'VH00349:170:AAFCHYTM5:1:1304:39647:25630 1:N:0:AGCGATAG+TCAGAGCC' because length (0) <= # seed mismatches (0)
Warning: skipping read 'VH00349:170:AAFCHYTM5:1:1304:39647:25630 1:N:0:AGCGATAG+TCAGAGCC' because it was < 2 characters long
Warning: skipping read 'VH00349:170:AAFCHYTM5:1:1401:50194:8118 1:N:0:AGCGATTG+TCAGAGCC' because length (0) <= # seed mismatches (0)
Warning: skipping read 'VH00349:170:AAFCHYTM5:1:1401:50194:8118 1:N:0:AGCGATTG+TCAGAGCC' because it was < 2 characters long
Warning: skipping read 'VH00349:170:AAFCHYTM5:1:1401:44230:22412 1:N:0:AGCGATAG+TCAGATCC' because length (0) <= # seed mismatches (0)
Warning: skipping read 'VH00349:170:AAFCHYTM5:1:1401:44230:22412 1:N:0:AGCGATAG+TCAGATCC' because it was < 2 characters long
Warning: skipping read 'VH00349:170:AAFCHYTM5:1:1401:34061:26293 1:N:0:AGCGATAG+TCAGAGCC' because length (1) <= # seed mismatches (0)
Warning: skipping read 'VH00349:170:AAFCHYTM5:1:1401:34061:26293 1:N:0:AGCGATAG+TCAGAGCC' because it was < 2 characters long
Warning: skipping read 'VH00349:170:AAFCHYTM5:1:1401:41560:49768 1:N:0:AGCGTTAG+TCAGAGCC' because length (0) <= # seed mismatches (0)
Warning: skipping read 'VH00349:170:AAFCHYTM5:1:1401:41560:49768 1:N:0:AGCGTTAG+TCAGAGCC' because it was < 2 characters long
Warning: skipping read 'VH00349:170:AAFCHYTM5:1:1402:22719:8895 1:N:0:AGCGATAG+TCAGAGCC' because length (0) <= # seed mismatches (0)
Warning: skipping read 'VH00349:170:AAFCHYTM5:1:1402:22719:8895 1:N:0:AGCGATAG+TCAGAGCC' because it was < 2 characters long
Warning: skipping read 'VH00349:170:AAFCHYTM5:1:1402:17095:15880 1:N:0:AGCGATAG+TCAGAGCC' because length (1) <= # seed mismatches (0)
Warning: skipping read 'VH00349:170:AAFCHYTM5:1:1402:17095:15880 1:N:0:AGCGATAG+TCAGAGCC' because it was < 2 characters long
Warning: skipping read 'VH00349:170:AAFCHYTM5:1:1402:58753:43445 1:N:0:AGCGATAG+TCAGAGCC' because length (1) <= # seed mismatches (0)
Warning: skipping read 'VH00349:170:AAFCHYTM5:1:1402:58753:43445 1:N:0:AGCGATAG+TCAGAGCC' because it was < 2 characters long
Warning: skipping read 'VH00349:170:AAFCHYTM5:1:1403:25919:10277 1:N:0:AGCTATAG+TCAGAGCC' because length (0) <= # seed mismatches (0)
Warning: skipping read 'VH00349:170:AAFCHYTM5:1:1403:25919:10277 1:N:0:AGCTATAG+TCAGAGCC' because it was < 2 characters long
Warning: skipping read 'VH00349:170:AAFCHYTM5:1:1403:69471:11791 1:N:0:AGCGAGAG+TCAGAGCC' because length (0) <= # seed mismatches (0)
Warning: skipping read 'VH00349:170:AAFCHYTM5:1:1403:69471:11791 1:N:0:AGCGAGAG+TCAGAGCC' because it was < 2 characters long
Warning: skipping read 'VH00349:170:AAFCHYTM5:1:1403:64263:12340 1:N:0:AGCGATAG+TCAGAGCC' because length (0) <= # seed mismatches (0)
Warning: skipping read 'VH00349:170:AAFCHYTM5:1:1403:64263:12340 1:N:0:AGCGATAG+TCAGAGCC' because it was < 2 characters long
Warning: skipping read 'VH00349:170:AAFCHYTM5:1:1403:11964:31083 1:N:0:AGCGATAG+TCAGAGCC' because length (0) <= # seed mismatches (0)
Warning: skipping read 'VH00349:170:AAFCHYTM5:1:1403:11964:31083 1:N:0:AGCGATAG+TCAGAGCC' because it was < 2 characters long
Warning: skipping read 'VH00349:170:AAFCHYTM5:1:1403:44571:54710 1:N:0:AGCGATAG+TCAGAGCC' because length (0) <= # seed mismatches (0)
Warning: skipping read 'VH00349:170:AAFCHYTM5:1:1403:44571:54710 1:N:0:AGCGATAG+TCAGAGCC' because it was < 2 characters long
Warning: skipping read 'VH00349:170:AAFCHYTM5:1:1404:15599:12075 1:N:0:AGCGATAG+TCAGAGCC' because length (0) <= # seed mismatches (0)
Warning: skipping read 'VH00349:170:AAFCHYTM5:1:1404:15599:12075 1:N:0:AGCGATAG+TCAGAGCC' because it was < 2 characters long
Warning: skipping read 'VH00349:170:AAFCHYTM5:1:1404:71762:14839 1:N:0:AGCGATAG+TCAGAGCC' because length (1) <= # seed mismatches (0)
Warning: skipping read 'VH00349:170:AAFCHYTM5:1:1404:71762:14839 1:N:0:AGCGATAG+TCAGAGCC' because it was < 2 characters long
Warning: skipping read 'VH00349:170:AAFCHYTM5:1:1404:21147:45414 1:N:0:TGCGATAG+TCAGAGCC' because length (0) <= # seed mismatches (0)
Warning: skipping read 'VH00349:170:AAFCHYTM5:1:1404:21147:45414 1:N:0:TGCGATAG+TCAGAGCC' because it was < 2 characters long
Warning: skipping read 'VH00349:170:AAFCHYTM5:1:2101:37830:43275 1:N:0:AGCGATAG+TCAGAGCC' because length (0) <= # seed mismatches (0)
Warning: skipping read 'VH00349:170:AAFCHYTM5:1:2101:37830:43275 1:N:0:AGCGATAG+TCAGAGCC' because it was < 2 characters long
Warning: skipping read 'VH00349:170:AAFCHYTM5:1:2101:26165:50242 1:N:0:AGCGATAG+TCAGAGCC' because length (1) <= # seed mismatches (0)
Warning: skipping read 'VH00349:170:AAFCHYTM5:1:2101:26165:50242 1:N:0:AGCGATAG+TCAGAGCC' because it was < 2 characters long
Warning: skipping read 'VH00349:170:AAFCHYTM5:1:2102:19102:2022 1:N:0:AGCGATAG+TCAGAGCC' because length (1) <= # seed mismatches (0)
Warning: skipping read 'VH00349:170:AAFCHYTM5:1:2102:19102:2022 1:N:0:AGCGATAG+TCAGAGCC' because it was < 2 characters long
Warning: skipping read 'VH00349:170:AAFCHYTM5:1:2102:22624:16865 1:N:0:AGCGATAG+TCAGAGCC' because length (1) <= # seed mismatches (0)
Warning: skipping read 'VH00349:170:AAFCHYTM5:1:2102:22624:16865 1:N:0:AGCGATAG+TCAGAGCC' because it was < 2 characters long
Warning: skipping read 'VH00349:170:AAFCHYTM5:1:2103:38303:6755 1:N:0:AGCGATAG+TCAGAGCC' because length (0) <= # seed mismatches (0)
Warning: skipping read 'VH00349:170:AAFCHYTM5:1:2103:38303:6755 1:N:0:AGCGATAG+TCAGAGCC' because it was < 2 characters long
Warning: skipping read 'VH00349:170:AAFCHYTM5:1:2201:31316:15672 1:N:0:AGCGATAG+TCAGAGCC' because length (1) <= # seed mismatches (0)
Warning: skipping read 'VH00349:170:AAFCHYTM5:1:2201:31316:15672 1:N:0:AGCGATAG+TCAGAGCC' because it was < 2 characters long
Warning: skipping read 'VH00349:170:AAFCHYTM5:1:2201:8536:42801 1:N:0:AGCGATAG+TCAGAGCC' because length (1) <= # seed mismatches (0)
Warning: skipping read 'VH00349:170:AAFCHYTM5:1:2201:8536:42801 1:N:0:AGCGATAG+TCAGAGCC' because it was < 2 characters long
Warning: skipping read 'VH00349:170:AAFCHYTM5:1:2202:22302:22715 1:N:0:AGCGATAC+TCAGAGCC' because length (1) <= # seed mismatches (0)
Warning: skipping read 'VH00349:170:AAFCHYTM5:1:2202:22302:22715 1:N:0:AGCGATAC+TCAGAGCC' because it was < 2 characters long
Warning: skipping read 'VH00349:170:AAFCHYTM5:1:2204:47449:5525 1:N:0:AGCGATAG+TCAGAGCC' because length (1) <= # seed mismatches (0)
Warning: skipping read 'VH00349:170:AAFCHYTM5:1:2204:47449:5525 1:N:0:AGCGATAG+TCAGAGCC' because it was < 2 characters long
Warning: skipping read 'VH00349:170:AAFCHYTM5:1:2204:55402:11545 1:N:0:AGCGATAG+TCAGAGCC' because length (0) <= # seed mismatches (0)
Warning: skipping read 'VH00349:170:AAFCHYTM5:1:2204:55402:11545 1:N:0:AGCGATAG+TCAGAGCC' because it was < 2 characters long
Warning: skipping read 'VH00349:170:AAFCHYTM5:1:2204:37394:26558 1:N:0:AGCGATTG+TCAGAGCC' because length (0) <= # seed mismatches (0)
Warning: skipping read 'VH00349:170:AAFCHYTM5:1:2204:37394:26558 1:N:0:AGCGATTG+TCAGAGCC' because it was < 2 characters long
Warning: skipping read 'VH00349:170:AAFCHYTM5:1:2301:31145:41893 1:N:0:AGCGATAG+TCAGAGCC' because length (1) <= # seed mismatches (0)
Warning: skipping read 'VH00349:170:AAFCHYTM5:1:2301:31145:41893 1:N:0:AGCGATAG+TCAGAGCC' because it was < 2 characters long
Warning: skipping read 'VH00349:170:AAFCHYTM5:1:2303:27491:20594 1:N:0:AGCGATAT+TCAGAGCC' because length (0) <= # seed mismatches (0)
Warning: skipping read 'VH00349:170:AAFCHYTM5:1:2303:27491:20594 1:N:0:AGCGATAT+TCAGAGCC' because it was < 2 characters long
Warning: skipping read 'VH00349:170:AAFCHYTM5:1:2303:47146:25555 1:N:0:AGCGATAG+TCAGAGCC' because length (1) <= # seed mismatches (0)
Warning: skipping read 'VH00349:170:AAFCHYTM5:1:2303:47146:25555 1:N:0:AGCGATAG+TCAGAGCC' because it was < 2 characters long
Warning: skipping read 'VH00349:170:AAFCHYTM5:1:2303:9483:44505 1:N:0:AGCGATAG+TCAGAGCC' because length (0) <= # seed mismatches (0)
Warning: skipping read 'VH00349:170:AAFCHYTM5:1:2303:9483:44505 1:N:0:AGCGATAG+TCAGAGCC' because it was < 2 characters long
Warning: skipping read 'VH00349:170:AAFCHYTM5:1:2303:35993:51321 1:N:0:AGCGATAG+TCAGAGCC' because length (1) <= # seed mismatches (0)
Warning: skipping read 'VH00349:170:AAFCHYTM5:1:2303:35993:51321 1:N:0:AGCGATAG+TCAGAGCC' because it was < 2 characters long
Warning: skipping read 'VH00349:170:AAFCHYTM5:1:2304:22113:7986 1:N:0:AGCGATAG+TCAGAGCC' because length (1) <= # seed mismatches (0)
Warning: skipping read 'VH00349:170:AAFCHYTM5:1:2304:22113:7986 1:N:0:AGCGATAG+TCAGAGCC' because it was < 2 characters long
Warning: skipping read 'VH00349:170:AAFCHYTM5:1:2304:13706:28394 1:N:0:AGCGATAG+TCAGAGCC' because length (1) <= # seed mismatches (0)
Warning: skipping read 'VH00349:170:AAFCHYTM5:1:2304:13706:28394 1:N:0:AGCGATAG+TCAGAGCC' because it was < 2 characters long
Warning: skipping read 'VH00349:170:AAFCHYTM5:1:2304:44608:35967 1:N:0:AGCGATTG+TCAGAGCC' because length (0) <= # seed mismatches (0)
Warning: skipping read 'VH00349:170:AAFCHYTM5:1:2304:44608:35967 1:N:0:AGCGATTG+TCAGAGCC' because it was < 2 characters long
Warning: skipping read 'VH00349:170:AAFCHYTM5:1:2401:62124:6187 1:N:0:CGCGATAG+TCAGAGCC' because length (0) <= # seed mismatches (0)
Warning: skipping read 'VH00349:170:AAFCHYTM5:1:2401:62124:6187 1:N:0:CGCGATAG+TCAGAGCC' because it was < 2 characters long
Warning: skipping read 'VH00349:170:AAFCHYTM5:1:2401:37716:22260 1:N:0:AGCGATAG+TCAGAGCC' because length (1) <= # seed mismatches (0)
Warning: skipping read 'VH00349:170:AAFCHYTM5:1:2401:37716:22260 1:N:0:AGCGATAG+TCAGAGCC' because it was < 2 characters long
Warning: skipping read 'VH00349:170:AAFCHYTM5:1:2401:37091:23226 1:N:0:AGCGATAG+TCAGAGCC' because length (1) <= # seed mismatches (0)
Warning: skipping read 'VH00349:170:AAFCHYTM5:1:2401:37091:23226 1:N:0:AGCGATAG+TCAGAGCC' because it was < 2 characters long
Warning: skipping read 'VH00349:170:AAFCHYTM5:1:2401:34478:35418 1:N:0:AGCGATAG+TCAGAGAC' because length (0) <= # seed mismatches (0)
Warning: skipping read 'VH00349:170:AAFCHYTM5:1:2401:34478:35418 1:N:0:AGCGATAG+TCAGAGAC' because it was < 2 characters long
Warning: skipping read 'VH00349:170:AAFCHYTM5:1:2401:52789:47553 1:N:0:AGCGATAG+TCAGAGCC' because length (0) <= # seed mismatches (0)
Warning: skipping read 'VH00349:170:AAFCHYTM5:1:2401:52789:47553 1:N:0:AGCGATAG+TCAGAGCC' because it was < 2 characters long
Warning: skipping read 'VH00349:170:AAFCHYTM5:1:2401:29687:49674 1:N:0:AGGGATAG+TCAGATCC' because length (1) <= # seed mismatches (0)
Warning: skipping read 'VH00349:170:AAFCHYTM5:1:2401:29687:49674 1:N:0:AGGGATAG+TCAGATCC' because it was < 2 characters long
Warning: skipping read 'VH00349:170:AAFCHYTM5:1:2402:67293:31083 1:N:0:AGCGATAG+TCAGAGCC' because length (1) <= # seed mismatches (0)
Warning: skipping read 'VH00349:170:AAFCHYTM5:1:2402:67293:31083 1:N:0:AGCGATAG+TCAGAGCC' because it was < 2 characters long
Warning: skipping read 'VH00349:170:AAFCHYTM5:1:2403:28097:20594 1:N:0:AGCGATAG+TCAGAGCC' because length (0) <= # seed mismatches (0)
Warning: skipping read 'VH00349:170:AAFCHYTM5:1:2403:28097:20594 1:N:0:AGCGATAG+TCAGAGCC' because it was < 2 characters long
Warning: skipping read 'VH00349:170:AAFCHYTM5:1:2404:66081:5600 1:N:0:AGCGATAG+TCAGAGCC' because length (1) <= # seed mismatches (0)
Warning: skipping read 'VH00349:170:AAFCHYTM5:1:2404:66081:5600 1:N:0:AGCGATAG+TCAGAGCC' because it was < 2 characters long
Warning: skipping read 'VH00349:170:AAFCHYTM5:1:2404:25749:8364 1:N:0:AGCGATAG+TCAGAGCC' because length (1) <= # seed mismatches (0)
Warning: skipping read 'VH00349:170:AAFCHYTM5:1:2404:25749:8364 1:N:0:AGCGATAG+TCAGAGCC' because it was < 2 characters long
Warning: skipping read 'VH00349:170:AAFCHYTM5:1:2404:67350:15047 1:N:0:AGCGATAG+TCAGAGCC' because length (1) <= # seed mismatches (0)
Warning: skipping read 'VH00349:170:AAFCHYTM5:1:2404:67350:15047 1:N:0:AGCGATAG+TCAGAGCC' because it was < 2 characters long
Warning: skipping read 'VH00349:170:AAFCHYTM5:1:2404:5734:31972 1:N:0:AGCGATAG+TCAGAGCC' because length (0) <= # seed mismatches (0)
Warning: skipping read 'VH00349:170:AAFCHYTM5:1:2404:5734:31972 1:N:0:AGCGATAG+TCAGAGCC' because it was < 2 characters long
3596973 reads; of these:
  3596973 (100.00%) were unpaired; of these:
    707073 (19.66%) aligned 0 times
    2844599 (79.08%) aligned exactly 1 time
    45301 (1.26%) aligned >1 times
80.34% overall alignment rate
