This is cutadapt 4.6 with Python 3.9.18
Command line parameters: -Z --cores 5 -a ^CAGTGATAGAGATACTGGGAGCTA...GTTTTAGAGCTAGAAATAGCAAGTTAAAATAAGGC -e 0.1 -o CO2_4_g0_r2.trim.fastq.gz CO2_4_g0_r2_trimmed.fq.gz
Processing single-end reads on 5 cores ...
Finished in 10.053 s (3.520 µs/read; 17.05 M reads/minute).

=== Summary ===

Total reads processed:               2,855,912
Reads with adapters:                 2,854,119 (99.9%)
Reads written (passing filters):     2,855,912 (100.0%)

Total basepairs processed:   224,187,126 bp
Total written (filtered):     59,208,582 bp (26.4%)

=== Adapter 1 ===

Sequence: CAGTGATAGAGATACTGGGAGCTA...GTTTTAGAGCTAGAAATAGCAAGTTAAAATAAGGC; Type: linked; Length: 24+35; 5' trimmed: 2854119 times; 3' trimmed: 2763594 times

Minimum overlap: 24+3
No. of allowed errors: 2

No. of allowed errors:
1-9 bp: 0; 10-19 bp: 1; 20-29 bp: 2; 30-35 bp: 3

Overview of removed sequences at 5' end
length	count	expect	max.err	error counts
22	1126	0.0	2	0 0 1126
23	42088	0.0	2	0 39170 2918
24	2808562	0.0	2	2732335 74547 1680
25	2308	0.0	2	0 2166 142
26	35	0.0	2	0 0 35



Overview of removed sequences at 3' end
length	count	expect	max.err	error counts
3	104	44623.6	0	104
4	115	11155.9	0	115
5	67	2789.0	0	67
6	49	697.2	0	49
7	4	174.3	0	4
8	2	43.6	0	2
9	3	10.9	0	2 1
10	6	2.7	1	0 6
11	1	0.7	1	1
12	1	0.2	1	0 1
14	2	0.0	1	2
15	2	0.0	1	1 1
16	4	0.0	1	1 3
17	12	0.0	1	8 4
18	57	0.0	1	23 34
19	4	0.0	1	1 3
20	11	0.0	2	7 1 3
21	4	0.0	2	2 2
22	10	0.0	2	3 4 3
23	3	0.0	2	0 0 3
24	10	0.0	2	2 3 5
25	22	0.0	2	9 4 9
26	70	0.0	2	32 24 14
27	41	0.0	2	9 13 19
28	94	0.0	2	20 28 42 4
29	725	0.0	2	246 242 204 33
30	849	0.0	3	225 225 198 201
31	2004	0.0	3	229 526 640 609
32	12598	0.0	3	2440 2944 2762 4452
33	39613	0.0	3	5351 6184 23863 4215
34	267585	0.0	3	15985 221368 23817 6415
35	2424541	0.0	3	2107846 256812 48009 11874
36	4177	0.0	3	261 3169 578 169
37	64	0.0	3	16 3 31 14
38	35	0.0	3	4 5 4 22
39	15	0.0	3	3 5 1 6
40	6	0.0	3	2 1 0 3
41	13	0.0	3	5 3 3 2
42	12	0.0	3	3 1 3 5
43	65	0.0	3	10 15 11 29
44	102	0.0	3	6 24 29 43
45	62	0.0	3	16 6 14 26
46	65	0.0	3	19 13 13 20
47	69	0.0	3	7 11 21 30
48	122	0.0	3	14 27 38 43
49	312	0.0	3	19 72 90 131
50	201	0.0	3	29 33 56 83
51	575	0.0	3	46 112 193 224
52	521	0.0	3	50 121 141 209
53	908	0.0	3	155 205 255 293
54	1947	0.0	3	463 406 491 587
55	1462	0.0	3	513 270 294 385
56	2138	0.0	3	422 386 586 744
57	593	0.0	3	131 113 148 201
58	876	0.0	3	264 180 176 256
59	460	0.0	3	258 72 47 83
60	139	0.0	3	44 38 26 31
61	33	0.0	3	7 5 9 12
62	6	0.0	3	1 2 2 1
63	1	0.0	3	0 0 1
64	1	0.0	3	0 0 0 1
66	1	0.0	3	0 0 0 1
