This is cutadapt 4.6 with Python 3.9.18
Command line parameters: -Z --cores 5 -a ^CAGTGATAGAGATACTGGGAGCTA...GTTTTAGAGCTAGAAATAGCAAGTTAAAATAAGGC -e 0.1 -o CO2_4_g10_r1.trim.fastq.gz CO2_4_g10_r1_trimmed.fq.gz
Processing single-end reads on 5 cores ...
Finished in 12.624 s (3.377 µs/read; 17.77 M reads/minute).

=== Summary ===

Total reads processed:               3,738,467
Reads with adapters:                 3,735,977 (99.9%)
Reads written (passing filters):     3,738,467 (100.0%)

Total basepairs processed:   293,017,607 bp
Total written (filtered):     77,084,973 bp (26.3%)

=== Adapter 1 ===

Sequence: CAGTGATAGAGATACTGGGAGCTA...GTTTTAGAGCTAGAAATAGCAAGTTAAAATAAGGC; Type: linked; Length: 24+35; 5' trimmed: 3735977 times; 3' trimmed: 3620144 times

Minimum overlap: 24+3
No. of allowed errors: 2

No. of allowed errors:
1-9 bp: 0; 10-19 bp: 1; 20-29 bp: 2; 30-35 bp: 3

Overview of removed sequences at 5' end
length	count	expect	max.err	error counts
22	1965	0.0	2	0 0 1965
23	68808	0.0	2	0 64112 4696
24	3661714	0.0	2	3526271 132184 3259
25	3435	0.0	2	0 3192 243
26	55	0.0	2	0 0 55



Overview of removed sequences at 3' end
length	count	expect	max.err	error counts
3	109	58413.5	0	109
4	147	14603.4	0	147
5	84	3650.8	0	84
6	93	912.7	0	93
7	2	228.2	0	2
8	2	57.0	0	2
9	7	14.3	0	7
10	10	3.6	1	2 8
11	1	0.9	1	0 1
13	2	0.1	1	2
14	2	0.0	1	2
15	3	0.0	1	2 1
16	13	0.0	1	2 11
17	16	0.0	1	3 13
18	73	0.0	1	29 44
19	9	0.0	1	4 5
20	11	0.0	2	7 3 1
21	12	0.0	2	9 1 2
22	12	0.0	2	5 6 1
23	15	0.0	2	6 3 6
24	16	0.0	2	4 7 5
25	28	0.0	2	13 3 12
26	104	0.0	2	43 41 20
27	69	0.0	2	19 19 31
28	125	0.0	2	26 45 47 7
29	1246	0.0	2	385 429 378 54
30	1600	0.0	3	430 467 378 325
31	3220	0.0	3	407 885 995 933
32	19008	0.0	3	3741 4505 4175 6587
33	57631	0.0	3	7768 9414 34233 6216
34	387367	0.0	3	24873 316787 35866 9841
35	3130845	0.0	3	2700088 346524 67782 16451
36	5801	0.0	3	332 4269 914 286
37	118	0.0	3	30 10 42 36
38	50	0.0	3	6 7 11 26
39	8	0.0	3	1 1 4 2
40	11	0.0	3	2 3 2 4
41	11	0.0	3	1 1 5 4
42	14	0.0	3	3 2 4 5
43	72	0.0	3	7 20 14 31
44	129	0.0	3	15 33 31 50
45	70	0.0	3	6 10 25 29
46	69	0.0	3	17 18 16 18
47	110	0.0	3	8 21 25 56
48	164	0.0	3	12 22 53 77
49	360	0.0	3	17 69 124 150
50	266	0.0	3	21 42 80 123
51	745	0.0	3	51 153 222 319
52	795	0.0	3	76 152 240 327
53	1085	0.0	3	136 245 321 383
54	2488	0.0	3	354 518 740 876
55	1366	0.0	3	239 295 366 466
56	2538	0.0	3	299 501 719 1019
57	717	0.0	3	106 143 215 253
58	824	0.0	3	154 161 219 290
59	286	0.0	3	105 40 48 93
60	129	0.0	3	26 20 36 47
61	29	0.0	3	5 9 10 5
62	6	0.0	3	0 1 2 3
63	1	0.0	3	0 0 0 1
