This is cutadapt 4.6 with Python 3.9.18
Command line parameters: -Z --cores 5 -a ^CAGTGATAGAGATACTGGGAGCTA...GTTTTAGAGCTAGAAATAGCAAGTTAAAATAAGGC -e 0.1 -o CO2_30_g10_r3.trim.fastq.gz CO2_30_g10_r3_trimmed.fq.gz
Processing single-end reads on 5 cores ...
Finished in 14.303 s (3.552 µs/read; 16.89 M reads/minute).

=== Summary ===

Total reads processed:               4,026,296
Reads with adapters:                 4,024,021 (99.9%)
Reads written (passing filters):     4,026,296 (100.0%)

Total basepairs processed:   315,690,011 bp
Total written (filtered):     82,653,415 bp (26.2%)

=== Adapter 1 ===

Sequence: CAGTGATAGAGATACTGGGAGCTA...GTTTTAGAGCTAGAAATAGCAAGTTAAAATAAGGC; Type: linked; Length: 24+35; 5' trimmed: 4024021 times; 3' trimmed: 3911355 times

Minimum overlap: 24+3
No. of allowed errors: 2

No. of allowed errors:
1-9 bp: 0; 10-19 bp: 1; 20-29 bp: 2; 30-35 bp: 3

Overview of removed sequences at 5' end
length	count	expect	max.err	error counts
22	1684	0.0	2	0 0 1684
23	59313	0.0	2	0 55416 3897
24	3959532	0.0	2	3855763 101805 1964
25	3452	0.0	2	0 3282 170
26	40	0.0	2	0 0 40



Overview of removed sequences at 3' end
length	count	expect	max.err	error counts
3	116	62910.9	0	116
4	144	15727.7	0	144
5	91	3931.9	0	91
6	68	983.0	0	68
7	2	245.7	0	2
8	6	61.4	0	6
9	11	15.4	0	9 2
10	7	3.8	1	0 7
13	2	0.1	1	2
14	3	0.0	1	3
15	8	0.0	1	7 1
16	11	0.0	1	1 10
17	7	0.0	1	3 4
18	65	0.0	1	17 48
19	9	0.0	1	1 7 1
20	11	0.0	2	6 3 2
21	18	0.0	2	11 6 1
22	21	0.0	2	5 6 10
23	11	0.0	2	4 1 6
24	16	0.0	2	6 6 4
25	34	0.0	2	11 3 20
26	97	0.0	2	42 32 23
27	51	0.0	2	6 23 20 2
28	113	0.0	2	19 48 43 3
29	1230	0.0	2	370 448 359 53
30	1432	0.0	3	419 408 319 286
31	3275	0.0	3	453 894 1034 894
32	19763	0.0	3	3888 4773 4427 6675
33	61467	0.0	3	8471 9622 36891 6483
34	405014	0.0	3	25842 331932 37110 10130
35	3398914	0.0	3	2942816 368986 70191 16921
36	6165	0.0	3	380 4490 1022 273
37	93	0.0	3	24 5 33 31
38	47	0.0	3	6 7 7 27
39	19	0.0	3	4 4 4 7
40	8	0.0	3	5 0 2 1
41	8	0.0	3	1 0 1 6
42	9	0.0	3	1 0 3 5
43	73	0.0	3	9 12 26 26
44	139	0.0	3	11 28 39 61
45	86	0.0	3	12 15 20 39
46	54	0.0	3	9 3 9 33
47	114	0.0	3	7 15 40 52
48	190	0.0	3	18 29 60 83
49	388	0.0	3	24 64 135 165
50	244	0.0	3	19 46 73 106
51	782	0.0	3	54 152 255 321
52	869	0.0	3	83 151 260 375
53	1155	0.0	3	154 280 337 384
54	2616	0.0	3	389 548 771 908
55	1403	0.0	3	264 270 370 499
56	2625	0.0	3	289 490 789 1057
57	835	0.0	3	130 170 231 304
58	960	0.0	3	190 187 239 344
59	303	0.0	3	108 43 65 87
60	108	0.0	3	24 10 33 41
61	30	0.0	3	5 6 5 14
62	13	0.0	3	0 1 5 7
63	2	0.0	3	0 0 2
