This is cutadapt 4.6 with Python 3.9.18
Command line parameters: -Z --cores 5 -a ^CAGTGATAGAGATACTGGGAGCTA...GTTTTAGAGCTAGAAATAGCAAGTTAAAATAAGGC -e 0.1 -o CO2_4_g0_r1.trim.fastq.gz CO2_4_g0_r1_trimmed.fq.gz
Processing single-end reads on 5 cores ...
Finished in 8.709 s (3.556 µs/read; 16.87 M reads/minute).

=== Summary ===

Total reads processed:               2,449,119
Reads with adapters:                 2,447,741 (99.9%)
Reads written (passing filters):     2,449,119 (100.0%)

Total basepairs processed:   191,891,207 bp
Total written (filtered):     49,918,894 bp (26.0%)

=== Adapter 1 ===

Sequence: CAGTGATAGAGATACTGGGAGCTA...GTTTTAGAGCTAGAAATAGCAAGTTAAAATAAGGC; Type: linked; Length: 24+35; 5' trimmed: 2447741 times; 3' trimmed: 2385865 times

Minimum overlap: 24+3
No. of allowed errors: 2

No. of allowed errors:
1-9 bp: 0; 10-19 bp: 1; 20-29 bp: 2; 30-35 bp: 3

Overview of removed sequences at 5' end
length	count	expect	max.err	error counts
22	1115	0.0	2	0 0 1115
23	39357	0.0	2	0 36855 2502
24	2405109	0.0	2	2344625 59300 1184
25	2127	0.0	2	0 1994 133
26	33	0.0	2	0 0 33



Overview of removed sequences at 3' end
length	count	expect	max.err	error counts
3	66	38267.5	0	66
4	117	9566.9	0	117
5	59	2391.7	0	59
6	57	597.9	0	57
7	2	149.5	0	2
8	3	37.4	0	3
9	3	9.3	0	1 2
10	8	2.3	1	0 8
11	1	0.6	1	1
15	2	0.0	1	1 1
16	1	0.0	1	0 1
17	9	0.0	1	4 5
18	51	0.0	1	12 39
19	6	0.0	1	2 4
20	10	0.0	2	7 3
21	15	0.0	2	8 3 4
22	13	0.0	2	4 5 4
23	11	0.0	2	0 6 5
24	8	0.0	2	3 2 3
25	24	0.0	2	8 7 9
26	103	0.0	2	46 32 25
27	54	0.0	2	14 20 20
28	86	0.0	2	14 29 39 4
29	1059	0.0	2	338 392 287 42
30	1378	0.0	3	494 383 273 228
31	2478	0.0	3	498 716 673 591
32	12379	0.0	3	2839 2875 2771 3894
33	38371	0.0	3	6183 7541 20901 3746
34	248962	0.0	3	26927 195455 21010 5570
35	2068739	0.0	3	1810286 210145 38971 9337
36	3593	0.0	3	231 2645 555 162
37	71	0.0	3	23 5 29 14
38	33	0.0	3	5 3 5 20
39	10	0.0	3	1 2 4 3
40	6	0.0	3	2 3 1
41	10	0.0	3	4 2 2 2
42	12	0.0	3	3 1 5 3
43	58	0.0	3	10 14 17 17
44	83	0.0	3	9 16 29 29
45	55	0.0	3	6 10 17 22
46	67	0.0	3	14 21 10 22
47	55	0.0	3	10 12 18 15
48	91	0.0	3	14 18 33 26
49	193	0.0	3	11 39 58 85
50	146	0.0	3	19 21 48 58
51	422	0.0	3	35 82 146 159
52	388	0.0	3	42 68 116 162
53	680	0.0	3	107 132 200 241
54	1551	0.0	3	376 334 410 431
55	1130	0.0	3	430 209 216 275
56	1466	0.0	3	336 257 367 506
57	489	0.0	3	121 110 108 150
58	638	0.0	3	202 111 157 168
59	399	0.0	3	265 53 38 43
60	111	0.0	3	41 25 21 24
61	29	0.0	3	11 4 5 9
62	2	0.0	3	0 0 1 1
66	1	0.0	3	0 0 1
69	1	0.0	3	0 1
