This is cutadapt 4.6 with Python 3.9.18
Command line parameters: -Z --cores 5 -a ^CAGTGATAGAGATACTGGGAGCTA...GTTTTAGAGCTAGAAATAGCAAGTTAAAATAAGGC -e 0.1 -o CO2_4_g4_r1.trim.fastq.gz CO2_4_g4_r1_trimmed.fq.gz
Processing single-end reads on 5 cores ...
Finished in 12.354 s (3.558 µs/read; 16.86 M reads/minute).

=== Summary ===

Total reads processed:               3,471,801
Reads with adapters:                 3,469,710 (99.9%)
Reads written (passing filters):     3,471,801 (100.0%)

Total basepairs processed:   272,172,866 bp
Total written (filtered):     71,436,613 bp (26.2%)

=== Adapter 1 ===

Sequence: CAGTGATAGAGATACTGGGAGCTA...GTTTTAGAGCTAGAAATAGCAAGTTAAAATAAGGC; Type: linked; Length: 24+35; 5' trimmed: 3469710 times; 3' trimmed: 3367075 times

Minimum overlap: 24+3
No. of allowed errors: 2

No. of allowed errors:
1-9 bp: 0; 10-19 bp: 1; 20-29 bp: 2; 30-35 bp: 3

Overview of removed sequences at 5' end
length	count	expect	max.err	error counts
22	2002	0.0	2	0 0 2002
23	70050	0.0	2	0 65663 4387
24	3394365	0.0	2	3303875 88639 1851
25	3241	0.0	2	0 3004 237
26	52	0.0	2	0 0 52



Overview of removed sequences at 3' end
length	count	expect	max.err	error counts
3	96	54246.9	0	96
4	165	13561.7	0	165
5	92	3390.4	0	92
6	78	847.6	0	78
7	2	211.9	0	2
8	4	53.0	0	4
9	5	13.2	0	4 1
11	1	0.8	1	0 1
13	1	0.1	1	1
14	2	0.0	1	2
15	2	0.0	1	1 1
16	4	0.0	1	2 2
17	14	0.0	1	7 7
18	70	0.0	1	26 44
19	5	0.0	1	1 4
20	11	0.0	2	6 4 1
21	9	0.0	2	7 1 1
22	15	0.0	2	6 7 2
23	15	0.0	2	5 7 3
24	12	0.0	2	2 7 3
25	31	0.0	2	11 9 11
26	77	0.0	2	28 24 25
27	46	0.0	2	9 16 19 2
28	97	0.0	2	24 28 44 1
29	985	0.0	2	312 372 267 34
30	1204	0.0	3	396 313 262 233
31	2696	0.0	3	364 727 825 780
32	16715	0.0	3	3299 3905 3560 5951
33	52578	0.0	3	6786 8237 31956 5599
34	347761	0.0	3	21093 287295 30983 8390
35	2927015	0.0	3	2543184 310959 58619 14253
36	5463	0.0	3	321 4100 818 224
37	102	0.0	3	27 8 27 40
38	54	0.0	3	2 8 11 33
39	25	0.0	3	5 7 7 6
40	13	0.0	3	3 4 1 5
41	15	0.0	3	0 1 6 8
42	16	0.0	3	1 1 4 10
43	62	0.0	3	11 12 15 24
44	111	0.0	3	12 26 37 36
45	65	0.0	3	9 16 18 22
46	70	0.0	3	20 10 17 23
47	72	0.0	3	10 12 22 28
48	140	0.0	3	8 15 49 68
49	339	0.0	3	28 71 106 134
50	200	0.0	3	26 36 50 88
51	692	0.0	3	64 142 219 267
52	621	0.0	3	54 125 188 254
53	1018	0.0	3	167 231 291 329
54	2186	0.0	3	385 460 581 760
55	1509	0.0	3	442 274 356 437
56	2324	0.0	3	413 433 630 848
57	671	0.0	3	102 144 182 243
58	886	0.0	3	240 163 195 288
59	416	0.0	3	215 69 60 72
60	142	0.0	3	40 29 35 38
61	43	0.0	3	6 10 13 14
62	8	0.0	3	0 2 2 4
65	1	0.0	3	0 0 1
66	1	0.0	3	1
69	1	0.0	3	0 1
70	1	0.0	3	0 0 0 1
