This is cutadapt 4.6 with Python 3.9.18
Command line parameters: -Z --cores 5 -a ^CAGTGATAGAGATACTGGGAGCTA...GTTTTAGAGCTAGAAATAGCAAGTTAAAATAAGGC -e 0.1 -o CO2_4_g4_r4.trim.fastq.gz CO2_4_g4_r4_trimmed.fq.gz
Processing single-end reads on 5 cores ...
Finished in 12.505 s (3.469 µs/read; 17.30 M reads/minute).

=== Summary ===

Total reads processed:               3,604,796
Reads with adapters:                 3,602,712 (99.9%)
Reads written (passing filters):     3,604,796 (100.0%)

Total basepairs processed:   282,597,733 bp
Total written (filtered):     74,263,626 bp (26.3%)

=== Adapter 1 ===

Sequence: CAGTGATAGAGATACTGGGAGCTA...GTTTTAGAGCTAGAAATAGCAAGTTAAAATAAGGC; Type: linked; Length: 24+35; 5' trimmed: 3602712 times; 3' trimmed: 3492995 times

Minimum overlap: 24+3
No. of allowed errors: 2

No. of allowed errors:
1-9 bp: 0; 10-19 bp: 1; 20-29 bp: 2; 30-35 bp: 3

Overview of removed sequences at 5' end
length	count	expect	max.err	error counts
22	1621	0.0	2	0 0 1621
23	60031	0.0	2	0 56053 3978
24	3537750	0.0	2	3433291 102186 2273
25	3269	0.0	2	0 3082 187
26	41	0.0	2	0 0 41



Overview of removed sequences at 3' end
length	count	expect	max.err	error counts
3	114	56324.9	0	114
4	131	14081.2	0	131
5	87	3520.3	0	87
6	81	880.1	0	81
7	3	220.0	0	3
8	2	55.0	0	2
9	11	13.8	0	9 2
10	7	3.4	1	2 5
11	3	0.9	1	3
12	1	0.2	1	0 1
14	2	0.0	1	2
15	3	0.0	1	2 1
16	10	0.0	1	0 10
17	11	0.0	1	5 6
18	68	0.0	1	25 43
19	11	0.0	1	1 10
20	12	0.0	2	9 2 1
21	7	0.0	2	4 1 2
22	17	0.0	2	4 3 10
23	11	0.0	2	4 5 2
24	14	0.0	2	2 8 4
25	20	0.0	2	9 2 9
26	100	0.0	2	42 35 23
27	59	0.0	2	12 21 24 2
28	128	0.0	2	20 48 52 8
29	1226	0.0	2	397 417 371 41
30	1369	0.0	3	426 362 316 265
31	2952	0.0	3	365 804 959 824
32	17830	0.0	3	3437 4310 3925 6158
33	54477	0.0	3	7466 8788 32205 6018
34	358642	0.0	3	22532 294448 32537 9125
35	3037692	0.0	3	2628483 328934 64239 16036
36	5488	0.0	3	364 4027 842 255
37	114	0.0	3	36 9 38 31
38	52	0.0	3	7 6 8 31
39	17	0.0	3	1 3 4 9
40	5	0.0	3	2 1 2
41	14	0.0	3	0 1 6 7
42	11	0.0	3	3 0 1 7
43	71	0.0	3	9 12 17 33
44	147	0.0	3	14 33 46 54
45	67	0.0	3	5 16 19 27
46	66	0.0	3	11 11 18 26
47	84	0.0	3	8 13 19 44
48	168	0.0	3	15 21 41 91
49	354	0.0	3	24 69 111 150
50	258	0.0	3	14 45 84 115
51	761	0.0	3	51 149 256 305
52	713	0.0	3	69 126 215 303
53	1110	0.0	3	135 242 370 363
54	2486	0.0	3	357 537 718 874
55	1436	0.0	3	306 284 365 481
56	2437	0.0	3	324 440 704 969
57	721	0.0	3	108 140 203 270
58	850	0.0	3	183 172 219 276
59	278	0.0	3	122 43 50 63
60	135	0.0	3	26 28 33 48
61	39	0.0	3	5 6 13 15
62	8	0.0	3	1 0 2 5
63	2	0.0	3	0 0 1 1
65	1	0.0	3	1
69	1	0.0	3	0 0 1
