This is cutadapt 4.6 with Python 3.9.18
Command line parameters: -Z --cores 5 -a ^CAGTGATAGAGATACTGGGAGCTA...GTTTTAGAGCTAGAAATAGCAAGTTAAAATAAGGC -e 0.1 -o CO2_30_g4_r1.trim.fastq.gz CO2_30_g4_r1_trimmed.fq.gz
Processing single-end reads on 5 cores ...
Finished in 9.938 s (3.597 µs/read; 16.68 M reads/minute).

=== Summary ===

Total reads processed:               2,763,033
Reads with adapters:                 2,761,501 (99.9%)
Reads written (passing filters):     2,763,033 (100.0%)

Total basepairs processed:   216,739,428 bp
Total written (filtered):     56,879,735 bp (26.2%)

=== Adapter 1 ===

Sequence: CAGTGATAGAGATACTGGGAGCTA...GTTTTAGAGCTAGAAATAGCAAGTTAAAATAAGGC; Type: linked; Length: 24+35; 5' trimmed: 2761501 times; 3' trimmed: 2680929 times

Minimum overlap: 24+3
No. of allowed errors: 2

No. of allowed errors:
1-9 bp: 0; 10-19 bp: 1; 20-29 bp: 2; 30-35 bp: 3

Overview of removed sequences at 5' end
length	count	expect	max.err	error counts
22	1067	0.0	2	0 0 1067
23	38616	0.0	2	0 36121 2495
24	2719466	0.0	2	2646105 71882 1479
25	2323	0.0	2	0 2212 111
26	29	0.0	2	0 0 29



Overview of removed sequences at 3' end
length	count	expect	max.err	error counts
3	80	43172.4	0	80
4	99	10793.1	0	99
5	49	2698.3	0	49
6	52	674.6	0	52
7	1	168.6	0	1
8	2	42.2	0	2
9	3	10.5	0	1 2
10	4	2.6	1	0 4
11	2	0.7	1	0 2
14	1	0.0	1	1
15	2	0.0	1	2
16	5	0.0	1	0 5
17	5	0.0	1	2 3
18	28	0.0	1	7 21
19	5	0.0	1	1 4
20	7	0.0	2	7
21	5	0.0	2	3 1 1
22	15	0.0	2	2 7 6
23	5	0.0	2	1 4
24	23	0.0	2	2 15 6
25	18	0.0	2	5 1 12
26	61	0.0	2	29 15 17
27	28	0.0	2	5 10 11 2
28	77	0.0	2	10 22 42 3
29	716	0.0	2	219 259 213 25
30	899	0.0	3	244 246 199 210
31	1968	0.0	3	247 531 593 597
32	12733	0.0	3	2403 3070 2807 4453
33	40258	0.0	3	5410 6221 24290 4337
34	272093	0.0	3	15949 225386 24180 6578
35	2336806	0.0	3	2027387 250263 47620 11536
36	4213	0.0	3	216 3190 623 184
37	112	0.0	3	40 17 27 28
38	30	0.0	3	4 2 4 20
39	13	0.0	3	2 3 6 2
40	7	0.0	3	2 2 1 2
41	8	0.0	3	2 1 1 4
42	9	0.0	3	1 2 0 6
43	43	0.0	3	4 7 10 22
44	84	0.0	3	10 15 20 39
45	60	0.0	3	7 4 20 29
46	57	0.0	3	9 11 14 23
47	78	0.0	3	10 9 22 37
48	144	0.0	3	17 31 38 58
49	246	0.0	3	19 46 64 117
50	186	0.0	3	37 31 50 68
51	519	0.0	3	47 102 162 208
52	547	0.0	3	69 100 167 211
53	865	0.0	3	160 194 245 266
54	2043	0.0	3	459 427 520 637
55	1483	0.0	3	510 289 284 400
56	2082	0.0	3	436 371 551 724
57	618	0.0	3	137 131 157 193
58	807	0.0	3	276 148 176 207
59	440	0.0	3	251 73 54 62
60	139	0.0	3	48 31 27 33
61	32	0.0	3	2 7 12 11
62	9	0.0	3	1 2 3 3
63	1	0.0	3	0 0 0 1
65	2	0.0	3	0 0 2
66	1	0.0	3	0 1
69	1	0.0	3	0 0 0 1
