This is cutadapt 4.6 with Python 3.9.18
Command line parameters: -Z --cores 5 -a ^CAGTGATAGAGATACTGGGAGCTA...GTTTTAGAGCTAGAAATAGCAAGTTAAAATAAGGC -e 0.1 -o CO2_4_g0_r3.trim.fastq.gz CO2_4_g0_r3_trimmed.fq.gz
Processing single-end reads on 5 cores ...
Finished in 12.709 s (3.418 µs/read; 17.55 M reads/minute).

=== Summary ===

Total reads processed:               3,717,687
Reads with adapters:                 3,715,288 (99.9%)
Reads written (passing filters):     3,717,687 (100.0%)

Total basepairs processed:   291,522,451 bp
Total written (filtered):     76,097,161 bp (26.1%)

=== Adapter 1 ===

Sequence: CAGTGATAGAGATACTGGGAGCTA...GTTTTAGAGCTAGAAATAGCAAGTTAAAATAAGGC; Type: linked; Length: 24+35; 5' trimmed: 3715288 times; 3' trimmed: 3618666 times

Minimum overlap: 24+3
No. of allowed errors: 2

No. of allowed errors:
1-9 bp: 0; 10-19 bp: 1; 20-29 bp: 2; 30-35 bp: 3

Overview of removed sequences at 5' end
length	count	expect	max.err	error counts
22	1625	0.0	2	0 0 1625
23	61550	0.0	2	0 57018 4532
24	3648742	0.0	2	3328352 311340 9050
25	3342	0.0	2	0 3098 244
26	29	0.0	2	0 0 29



Overview of removed sequences at 3' end
length	count	expect	max.err	error counts
3	121	58088.9	0	121
4	115	14522.2	0	115
5	82	3630.6	0	82
6	68	907.6	0	68
7	1	226.9	0	1
8	4	56.7	0	4
9	4	14.2	0	3 1
10	4	3.5	1	1 3
11	1	0.9	1	0 1
13	1	0.1	1	1
14	4	0.0	1	4
15	3	0.0	1	2 1
16	3	0.0	1	0 3
17	8	0.0	1	4 4
18	37	0.0	1	14 23
19	2	0.0	1	1 0 1
20	11	0.0	2	6 3 2
21	14	0.0	2	11 1 2
22	10	0.0	2	2 7 1
23	12	0.0	2	2 7 3
24	23	0.0	2	5 13 5
25	32	0.0	2	9 9 14
26	76	0.0	2	32 27 17
27	33	0.0	2	7 11 14 1
28	94	0.0	2	27 30 33 4
29	811	0.0	2	257 313 212 29
30	1007	0.0	3	303 272 214 218
31	2328	0.0	3	312 606 712 698
32	15011	0.0	3	2962 3333 3158 5558
33	50721	0.0	3	6481 7352 31882 5006
34	353560	0.0	3	19772 296378 30007 7403
35	3178550	0.0	3	2790557 319518 55625 12850
36	5574	0.0	3	316 4305 718 235
37	81	0.0	3	20 6 35 20
38	48	0.0	3	7 8 8 25
39	14	0.0	3	1 3 5 5
40	9	0.0	3	3 1 2 3
41	9	0.0	3	0 2 2 5
42	18	0.0	3	2 4 6 6
43	74	0.0	3	13 16 20 25
44	117	0.0	3	14 33 35 35
45	82	0.0	3	13 17 21 31
46	82	0.0	3	19 9 23 31
47	79	0.0	3	11 14 24 30
48	171	0.0	3	13 36 48 74
49	333	0.0	3	33 52 100 148
50	141	0.0	3	24 18 40 59
51	544	0.0	3	46 114 161 223
52	572	0.0	3	64 118 177 213
53	913	0.0	3	160 189 270 294
54	1662	0.0	3	345 339 451 527
55	1495	0.0	3	426 293 334 442
56	1924	0.0	3	352 317 531 724
57	586	0.0	3	120 111 143 212
58	832	0.0	3	258 158 176 240
59	396	0.0	3	204 70 52 70
60	118	0.0	3	45 21 25 27
61	33	0.0	3	4 6 13 10
62	5	0.0	3	1 0 0 4
63	1	0.0	3	0 0 0 1
69	2	0.0	3	0 0 1 1
