This is cutadapt 4.6 with Python 3.9.18
Command line parameters: -Z --cores 5 -a ^CAGTGATAGAGATACTGGGAGCTA...GTTTTAGAGCTAGAAATAGCAAGTTAAAATAAGGC -e 0.1 -o CO2_30_g8_r2.trim.fastq.gz CO2_30_g8_r2_trimmed.fq.gz
Processing single-end reads on 5 cores ...
Finished in 9.899 s (3.481 µs/read; 17.23 M reads/minute).

=== Summary ===

Total reads processed:               2,843,196
Reads with adapters:                 2,841,287 (99.9%)
Reads written (passing filters):     2,843,196 (100.0%)

Total basepairs processed:   222,980,320 bp
Total written (filtered):     58,561,713 bp (26.3%)

=== Adapter 1 ===

Sequence: CAGTGATAGAGATACTGGGAGCTA...GTTTTAGAGCTAGAAATAGCAAGTTAAAATAAGGC; Type: linked; Length: 24+35; 5' trimmed: 2841287 times; 3' trimmed: 2757637 times

Minimum overlap: 24+3
No. of allowed errors: 2

No. of allowed errors:
1-9 bp: 0; 10-19 bp: 1; 20-29 bp: 2; 30-35 bp: 3

Overview of removed sequences at 5' end
length	count	expect	max.err	error counts
22	1176	0.0	2	0 0 1176
23	41936	0.0	2	0 39118 2818
24	2795641	0.0	2	2719140 74995 1506
25	2508	0.0	2	0 2365 143
26	26	0.0	2	0 0 26



Overview of removed sequences at 3' end
length	count	expect	max.err	error counts
3	107	44424.9	0	107
4	116	11106.2	0	116
5	75	2776.6	0	75
6	82	694.1	0	82
7	1	173.5	0	1
8	1	43.4	0	1
9	5	10.8	0	3 2
10	1	2.7	1	0 1
14	1	0.0	1	1
15	1	0.0	1	1
16	3	0.0	1	3
17	5	0.0	1	5
18	48	0.0	1	18 30
19	4	0.0	1	1 3
20	12	0.0	2	12
21	6	0.0	2	3 1 2
22	9	0.0	2	2 3 4
23	3	0.0	2	0 1 2
24	11	0.0	2	0 8 3
25	15	0.0	2	7 2 6
26	83	0.0	2	35 32 16
27	46	0.0	2	4 23 18 1
28	84	0.0	2	18 25 36 5
29	802	0.0	2	240 299 232 31
30	987	0.0	3	282 273 222 210
31	2179	0.0	3	328 582 680 589
32	13375	0.0	3	2615 3114 2913 4733
33	42489	0.0	3	5711 6555 25557 4666
34	286807	0.0	3	17425 236982 25732 6668
35	2395729	0.0	3	2077606 257260 48937 11926
36	4409	0.0	3	251 3270 690 198
37	59	0.0	3	10 2 27 20
38	32	0.0	3	5 3 10 14
39	21	0.0	3	5 5 4 7
40	11	0.0	3	5 2 2 2
41	4	0.0	3	1 0 1 2
42	14	0.0	3	2 1 6 5
43	63	0.0	3	15 11 13 24
44	90	0.0	3	9 20 24 37
45	62	0.0	3	13 10 17 22
46	71	0.0	3	14 10 18 29
47	60	0.0	3	8 11 13 28
48	124	0.0	3	15 18 39 52
49	230	0.0	3	14 44 66 106
50	218	0.0	3	29 38 63 88
51	656	0.0	3	63 117 214 262
52	513	0.0	3	44 93 167 209
53	882	0.0	3	170 180 247 285
54	1901	0.0	3	347 413 534 607
55	1338	0.0	3	431 273 291 343
56	1972	0.0	3	319 359 520 774
57	596	0.0	3	92 126 152 226
58	686	0.0	3	194 130 161 201
59	373	0.0	3	202 58 49 64
60	111	0.0	3	36 25 26 24
61	48	0.0	3	7 12 15 14
62	4	0.0	3	1 2 0 1
66	1	0.0	3	0 1
68	1	0.0	3	0 0 0 1
