This is cutadapt 4.6 with Python 3.9.18
Command line parameters: -Z --cores 5 -a ^CAGTGATAGAGATACTGGGAGCTA...GTTTTAGAGCTAGAAATAGCAAGTTAAAATAAGGC -e 0.1 -o CO2_4_g8_r1.trim.fastq.gz CO2_4_g8_r1_trimmed.fq.gz
Processing single-end reads on 5 cores ...
Finished in 13.225 s (3.429 µs/read; 17.50 M reads/minute).

=== Summary ===

Total reads processed:               3,856,741
Reads with adapters:                 3,854,148 (99.9%)
Reads written (passing filters):     3,856,741 (100.0%)

Total basepairs processed:   302,016,187 bp
Total written (filtered):     78,228,273 bp (25.9%)

=== Adapter 1 ===

Sequence: CAGTGATAGAGATACTGGGAGCTA...GTTTTAGAGCTAGAAATAGCAAGTTAAAATAAGGC; Type: linked; Length: 24+35; 5' trimmed: 3854148 times; 3' trimmed: 3764076 times

Minimum overlap: 24+3
No. of allowed errors: 2

No. of allowed errors:
1-9 bp: 0; 10-19 bp: 1; 20-29 bp: 2; 30-35 bp: 3

Overview of removed sequences at 5' end
length	count	expect	max.err	error counts
22	1795	0.0	2	0 0 1795
23	67909	0.0	2	0 62913 4996
24	3780945	0.0	2	3452120 320099 8726
25	3443	0.0	2	0 3144 299
26	56	0.0	2	0 0 56



Overview of removed sequences at 3' end
length	count	expect	max.err	error counts
3	113	60261.6	0	113
4	128	15065.4	0	128
5	87	3766.3	0	87
6	62	941.6	0	62
8	5	58.8	0	5
9	3	14.7	0	2 1
10	3	3.7	1	0 3
11	2	0.9	1	1 1
12	2	0.2	1	0 2
14	1	0.0	1	1
15	3	0.0	1	2 1
16	3	0.0	1	2 1
17	7	0.0	1	5 2
18	41	0.0	1	8 33
19	7	0.0	1	2 5
20	9	0.0	2	4 3 2
21	9	0.0	2	7 0 2
22	15	0.0	2	2 7 6
23	12	0.0	2	4 4 4
24	20	0.0	2	1 11 8
25	39	0.0	2	12 4 23
26	88	0.0	2	44 20 24
27	38	0.0	2	5 18 14 1
28	122	0.0	2	31 35 50 6
29	878	0.0	2	260 316 254 48
30	1068	0.0	3	320 274 250 224
31	2554	0.0	3	357 663 808 726
32	16432	0.0	3	2995 3647 3401 6389
33	55805	0.0	3	6836 8105 34968 5896
34	394297	0.0	3	20892 330882 34056 8467
35	3275791	0.0	3	2855990 343744 62095 13962
36	5854	0.0	3	327 4395 911 221
37	104	0.0	3	27 11 35 31
38	32	0.0	3	3 8 4 17
39	17	0.0	3	4 5 3 5
40	10	0.0	3	2 1 1 6
41	20	0.0	3	5 4 7 4
42	23	0.0	3	8 5 2 8
43	87	0.0	3	13 13 24 37
44	142	0.0	3	14 33 44 51
45	85	0.0	3	18 16 18 33
46	94	0.0	3	24 22 23 25
47	85	0.0	3	10 10 27 38
48	153	0.0	3	17 25 41 70
49	302	0.0	3	20 66 94 122
50	171	0.0	3	30 37 40 64
51	534	0.0	3	45 111 179 199
52	540	0.0	3	67 103 167 203
53	961	0.0	3	149 208 300 304
54	1682	0.0	3	372 381 460 469
55	1508	0.0	3	465 276 333 434
56	1988	0.0	3	405 356 506 721
57	597	0.0	3	108 128 155 206
58	821	0.0	3	224 157 191 249
59	463	0.0	3	224 83 70 86
60	111	0.0	3	34 23 23 31
61	36	0.0	3	3 13 11 9
62	8	0.0	3	0 5 2 1
63	2	0.0	3	0 1 1
64	1	0.0	3	0 1
69	1	0.0	3	0 0 0 1
