This is cutadapt 4.6 with Python 3.9.18
Command line parameters: -Z --cores 5 -a ^CAGTGATAGAGATACTGGGAGCTA...GTTTTAGAGCTAGAAATAGCAAGTTAAAATAAGGC -e 0.1 -o CO2_30_g0_r2.trim.fastq.gz CO2_30_g0_r2_trimmed.fq.gz
Processing single-end reads on 5 cores ...
Finished in 12.193 s (3.528 µs/read; 17.00 M reads/minute).

=== Summary ===

Total reads processed:               3,455,731
Reads with adapters:                 3,453,230 (99.9%)
Reads written (passing filters):     3,455,731 (100.0%)

Total basepairs processed:   270,871,554 bp
Total written (filtered):     70,795,311 bp (26.1%)

=== Adapter 1 ===

Sequence: CAGTGATAGAGATACTGGGAGCTA...GTTTTAGAGCTAGAAATAGCAAGTTAAAATAAGGC; Type: linked; Length: 24+35; 5' trimmed: 3453230 times; 3' trimmed: 3359076 times

Minimum overlap: 24+3
No. of allowed errors: 2

No. of allowed errors:
1-9 bp: 0; 10-19 bp: 1; 20-29 bp: 2; 30-35 bp: 3

Overview of removed sequences at 5' end
length	count	expect	max.err	error counts
22	1486	0.0	2	0 0 1486
23	51878	0.0	2	0 48279 3599
24	3396696	0.0	2	3299208 95136 2352
25	3122	0.0	2	0 2975 147
26	48	0.0	2	0 0 48



Overview of removed sequences at 3' end
length	count	expect	max.err	error counts
3	82	53995.8	0	82
4	171	13498.9	0	171
5	93	3374.7	0	93
6	77	843.7	0	77
7	2	210.9	0	2
8	1	52.7	0	1
9	4	13.2	0	2 2
10	6	3.3	1	1 5
11	1	0.8	1	1
12	1	0.2	1	1
13	1	0.1	1	1
14	2	0.0	1	2
15	1	0.0	1	1
16	7	0.0	1	2 5
17	10	0.0	1	5 5
18	54	0.0	1	20 34
19	12	0.0	1	6 6
20	16	0.0	2	14 2
21	7	0.0	2	5 1 1
22	24	0.0	2	6 10 8
23	7	0.0	2	1 6
24	10	0.0	2	2 5 3
25	25	0.0	2	11 4 10
26	85	0.0	2	30 35 20
27	47	0.0	2	4 18 24 1
28	116	0.0	2	20 42 45 9
29	925	0.0	2	307 326 253 39
30	1112	0.0	3	329 296 260 227
31	2610	0.0	3	365 708 816 721
32	16000	0.0	3	3313 3841 3445 5401
33	48890	0.0	3	7037 7817 28956 5080
34	326404	0.0	3	20672 268738 29218 7776
35	2946866	0.0	3	2562879 311463 58670 13854
36	5222	0.0	3	317 3941 750 214
37	100	0.0	3	27 14 35 24
38	51	0.0	3	4 8 10 29
39	24	0.0	3	5 4 10 5
40	8	0.0	3	3 0 0 5
41	9	0.0	3	1 4 1 3
42	16	0.0	3	1 4 4 7
43	84	0.0	3	6 21 30 27
44	129	0.0	3	14 22 44 49
45	112	0.0	3	16 19 36 41
46	81	0.0	3	11 16 24 30
47	88	0.0	3	4 12 23 49
48	156	0.0	3	14 21 46 75
49	367	0.0	3	30 55 141 141
50	179	0.0	3	15 32 64 68
51	710	0.0	3	57 116 238 299
52	669	0.0	3	71 131 206 261
53	1061	0.0	3	132 237 340 352
54	1703	0.0	3	235 355 505 608
55	1100	0.0	3	211 208 326 355
56	1885	0.0	3	237 361 526 761
57	608	0.0	3	95 107 169 237
58	710	0.0	3	163 121 185 241
59	219	0.0	3	93 27 43 56
60	82	0.0	3	20 18 17 27
61	23	0.0	3	3 1 10 9
62	7	0.0	3	0 0 3 4
63	3	0.0	3	0 1 0 2
66	1	0.0	3	0 0 1
