This is cutadapt 4.6 with Python 3.9.18
Command line parameters: -Z --cores 5 -a ^CAGTGATAGAGATACTGGGAGCTA...GTTTTAGAGCTAGAAATAGCAAGTTAAAATAAGGC -e 0.1 -o CO2_30_g4_r3.trim.fastq.gz CO2_30_g4_r3_trimmed.fq.gz
Processing single-end reads on 5 cores ...
Finished in 13.504 s (3.398 µs/read; 17.66 M reads/minute).

=== Summary ===

Total reads processed:               3,974,548
Reads with adapters:                 3,972,102 (99.9%)
Reads written (passing filters):     3,974,548 (100.0%)

Total basepairs processed:   311,635,850 bp
Total written (filtered):     81,558,964 bp (26.2%)

=== Adapter 1 ===

Sequence: CAGTGATAGAGATACTGGGAGCTA...GTTTTAGAGCTAGAAATAGCAAGTTAAAATAAGGC; Type: linked; Length: 24+35; 5' trimmed: 3972102 times; 3' trimmed: 3860326 times

Minimum overlap: 24+3
No. of allowed errors: 2

No. of allowed errors:
1-9 bp: 0; 10-19 bp: 1; 20-29 bp: 2; 30-35 bp: 3

Overview of removed sequences at 5' end
length	count	expect	max.err	error counts
22	1472	0.0	2	0 0 1472
23	56193	0.0	2	0 52315 3878
24	3911153	0.0	2	3805823 103034 2296
25	3251	0.0	2	0 3065 186
26	33	0.0	2	0 0 33



Overview of removed sequences at 3' end
length	count	expect	max.err	error counts
3	112	62102.3	0	112
4	137	15525.6	0	137
5	107	3881.4	0	107
6	68	970.3	0	68
7	1	242.6	0	1
8	3	60.6	0	3
9	4	15.2	0	4
10	4	3.8	1	1 3
11	1	0.9	1	1
12	1	0.2	1	0 1
13	1	0.1	1	0 1
14	2	0.0	1	2
15	1	0.0	1	0 1
16	7	0.0	1	2 5
17	14	0.0	1	12 2
18	48	0.0	1	14 34
19	4	0.0	1	0 4
20	10	0.0	2	7 2 1
21	8	0.0	2	4 2 2
22	16	0.0	2	5 6 5
23	16	0.0	2	5 5 6
24	16	0.0	2	4 5 7
25	33	0.0	2	9 6 18
26	81	0.0	2	33 33 15
27	51	0.0	2	8 15 27 1
28	124	0.0	2	15 40 59 10
29	1041	0.0	2	348 346 312 35
30	1301	0.0	3	377 359 280 285
31	2931	0.0	3	352 828 890 861
32	18330	0.0	3	3461 4241 4090 6538
33	58340	0.0	3	7725 8959 35357 6299
34	394071	0.0	3	22346 326484 35878 9363
35	3361976	0.0	3	2910546 364489 70024 16917
36	6222	0.0	3	391 4637 913 281
37	119	0.0	3	30 12 50 27
38	48	0.0	3	12 6 10 20
39	21	0.0	3	2 5 4 10
40	9	0.0	3	4 2 1 2
41	13	0.0	3	1 1 3 8
42	26	0.0	3	3 7 5 11
43	93	0.0	3	12 18 27 36
44	132	0.0	3	15 25 47 45
45	84	0.0	3	15 18 17 34
46	67	0.0	3	15 10 17 25
47	98	0.0	3	16 21 19 42
48	189	0.0	3	17 40 59 73
49	403	0.0	3	40 76 122 165
50	309	0.0	3	65 44 80 120
51	781	0.0	3	53 148 250 330
52	779	0.0	3	84 161 216 318
53	1307	0.0	3	212 285 390 420
54	2693	0.0	3	603 584 684 822
55	2080	0.0	3	724 419 432 505
56	2888	0.0	3	529 556 790 1013
57	882	0.0	3	197 200 211 274
58	1277	0.0	3	403 234 277 363
59	679	0.0	3	401 109 83 86
60	198	0.0	3	68 50 30 50
61	50	0.0	3	12 8 14 16
62	8	0.0	3	0 1 1 6
63	4	0.0	3	0 1 1 2
64	3	0.0	3	0 0 2 1
65	1	0.0	3	0 1
66	1	0.0	3	1
68	1	0.0	3	0 0 1
72	1	0.0	3	1
